Generation   0	[Intvl;	Thrsh;	Mon;	Updt]
  0: 7.004976	[18,	10,	0.999,	 0.881]
  1: 7.017614	[20,	125,	0.856,	 0.387]
  2: 9.955346	[21,	282,	0.378,	 0.416]
  3: 9.978011	[ 8,	136,	0.858,	 0.261]
  4: 10.450808	[15,	265,	0.577,	 0.403]
  5: 10.628640	[16,	181,	0.363,	 0.350]
  6: 10.694380	[18,	78,	0.205,	 0.846]
  7: 10.762281	[15,	17,	0.339,	 0.704]
  8: 10.956210	[21,	190,	0.283,	 0.357]
  9: 11.067599	[18,	157,	0.185,	 0.362]
 10: 12.165801	[15,	282,	0.294,	 0.380]
 11: 12.581659	[10,	159,	0.760,	 0.270]
 12: 12.583127	[18,	37,	0.345,	 0.901]
 13: 13.533454	[14,	289,	0.646,	 0.296]
 14: 13.690356	[17,	109,	0.849,	 0.343]
 15: 14.038166	[22,	61,	0.368,	 0.330]
 16: 14.062345	[20,	33,	0.641,	 0.782]
 17: 14.270846	[ 7,	146,	0.841,	 0.190]
 18: 14.402082	[10,	132,	0.994,	 0.215]
 19: 14.647329	[ 9,	28,	0.992,	 0.836]
 20: 14.868310	[ 7,	260,	0.957,	 0.462]
 21: 14.908524	[18,	18,	0.333,	 0.554]
 22: 15.084663	[ 7,	163,	0.887,	 0.345]
 23: 15.317754	[22,	143,	0.700,	 0.327]
 24: 15.497824	[23,	71,	0.696,	 0.391]
 25: 15.960917	[ 8,	167,	0.599,	 0.437]
 26: 16.133542	[14,	43,	0.980,	 0.916]
 27: 16.162958	[ 9,	256,	0.462,	 0.170]
 28: 16.182186	[11,	294,	0.296,	 0.446]
 29: 16.227348	[ 7,	220,	0.666,	 0.370]
 30: 16.232105	[21,	101,	0.131,	 0.996]
 31: 16.491879	[11,	80,	0.791,	 0.352]
 32: 16.545305	[12,	103,	0.878,	 0.307]
 33: 16.583740	[11,	288,	0.604,	 0.232]
 34: 17.366089	[16,	63,	0.874,	 0.441]
 35: 17.422906	[11,	210,	0.800,	 0.258]
 36: 18.032272	[ 5,	44,	0.163,	 0.210]
 37: 18.749390	[10,	116,	0.366,	 0.822]
 38: 18.774322	[18,	42,	0.643,	 0.374]
 39: 18.810646	[11,	44,	0.437,	 0.518]
 40: 19.038617	[14,	92,	0.302,	 0.839]
 41: 19.319794	[10,	144,	0.240,	 0.470]
 42: 19.788600	[ 4,	259,	0.746,	 0.260]
 43: 20.262275	[10,	76,	0.562,	 0.763]
 44: 20.912587	[16,	204,	0.412,	 0.273]
 45: 21.052078	[18,	114,	0.336,	 0.906]
 46: 21.218364	[21,	98,	0.610,	 0.953]
 47: 21.715405	[17,	75,	0.332,	 0.272]
 48: 21.952302	[14,	108,	0.452,	 0.498]
 49: 22.316996	[18,	119,	0.243,	 0.807]
 50: 22.325759	[21,	136,	0.405,	 0.270]
 51: 22.963606	[ 5,	89,	0.334,	 0.240]
 52: 23.668342	[16,	128,	0.256,	 0.627]
 53: 23.820959	[21,	75,	0.261,	 0.525]
 54: 23.889278	[ 4,	56,	0.270,	 0.551]
 55: 23.973673	[11,	175,	0.320,	 0.842]
 56: 24.013366	[ 6,	133,	0.566,	 0.308]
 57: 24.561885	[16,	140,	0.203,	 0.553]
 58: 24.784224	[17,	80,	0.369,	 0.569]
 59: 24.842998	[ 5,	112,	0.188,	 0.134]
 60: 24.973624	[16,	298,	0.115,	 0.472]
 61: 25.529784	[19,	190,	0.585,	 0.525]
 62: 26.255315	[19,	160,	0.263,	 0.833]
 63: 26.307088	[14,	293,	0.706,	 0.557]
 64: 26.460453	[14,	159,	0.496,	 0.932]
 65: 26.518472	[13,	71,	0.497,	 0.600]
 66: 26.803047	[10,	201,	0.644,	 0.733]
 67: 27.114312	[16,	22,	0.337,	 0.404]
 68: 27.262640	[ 5,	194,	0.132,	 0.247]
 69: 27.422418	[11,	266,	0.259,	 0.235]
 70: 27.461521	[ 8,	80,	0.383,	 0.817]
 71: 27.582017	[13,	223,	0.145,	 0.501]
 72: 27.828799	[17,	167,	0.223,	 0.791]
 73: 28.146910	[19,	249,	0.838,	 0.334]
 74: 28.486232	[ 5,	181,	0.764,	 0.315]
 75: 28.667573	[ 6,	292,	0.431,	 0.400]
 76: 28.717816	[15,	125,	0.570,	 0.848]
 77: 29.692126	[ 6,	256,	0.501,	 0.462]
 78: 29.970919	[ 4,	185,	0.306,	 0.567]
 79: 30.481366	[14,	189,	0.328,	 0.737]
 80: 31.577559	[ 8,	132,	0.150,	 0.928]
 81: 31.933708	[11,	162,	0.880,	 0.796]
 82: 32.424636	[ 5,	66,	0.910,	 0.282]
 83: 32.550243	[14,	272,	0.443,	 0.832]
 84: 34.208381	[16,	276,	0.620,	 0.239]
 85: 34.738759	[ 5,	278,	0.769,	 0.527]
 86: 35.563840	[16,	98,	0.607,	 0.724]
 87: 36.496439	[20,	149,	0.396,	 0.808]
 88: 36.682414	[ 5,	133,	0.414,	 0.463]
 89: 36.742971	[ 7,	136,	0.942,	 0.627]
 90: 37.037705	[21,	171,	0.653,	 0.594]
 91: 37.958780	[19,	102,	0.915,	 0.585]
 92: 38.357291	[23,	299,	0.904,	 0.956]
 93: 38.684188	[12,	246,	0.626,	 0.876]
 94: 38.781621	[17,	203,	0.505,	 0.937]
 95: 39.421841	[17,	125,	0.768,	 0.738]
 96: 40.186107	[ 5,	46,	0.747,	 0.567]
 97: 42.325608	[16,	296,	0.577,	 0.937]
 98: 44.142450	[ 6,	195,	0.922,	 0.748]
 99: 44.783800	[20,	251,	0.865,	 0.915]
100: 44.824530	[23,	179,	0.577,	 0.580]
101: 44.931715	[19,	171,	0.998,	 0.200]
102: 45.239375	[21,	285,	0.396,	 0.898]
103: 47.217655	[18,	234,	0.497,	 0.825]
104: 48.361350	[ 8,	5,	0.289,	 0.644]
105: 49.438821	[18,	68,	0.576,	 0.202]
106: 49.489812	[17,	245,	0.507,	 0.724]
107: 50.090664	[22,	291,	0.684,	 0.830]
108: 51.865300	[18,	290,	0.417,	 0.752]
109: 52.435520	[ 4,	254,	0.345,	 0.925]
110: 53.222312	[14,	98,	0.689,	 0.156]
111: 54.213724	[15,	242,	0.843,	 0.785]
112: 56.786610	[21,	218,	0.662,	 0.756]
113: 77.611904	[21,	198,	0.391,	 0.139]
114: 95.782277	[13,	6,	0.972,	 0.553]
115: 125.972053	[ 4,	131,	0.140,	 0.973]
116: 170.199059	[22,	103,	0.630,	 0.118]
117: 517.570980	[17,	6,	0.780,	 0.326]
118: 697.078619	[22,	5,	0.249,	 0.610]
119: 1690.057833	[19,	6,	0.636,	 0.125]
Generation   1	[Intvl;	Thrsh;	Mon;	Updt]
  0: 6.806064	[18,	10,	0.999,	 0.881]
  1: 8.488927	[17,	260,	0.378,	 0.416]
  2: 8.683453	[22,	181,	0.294,	 0.380]
  3: 8.883449	[21,	282,	0.378,	 0.416]
  4: 8.946243	[20,	136,	0.363,	 0.350]
  5: 9.476368	[18,	78,	0.205,	 0.846]
  6: 9.495944	[21,	282,	0.957,	 0.462]
  7: 9.783986	[22,	146,	0.666,	 0.370]
  8: 9.858579	[18,	18,	0.333,	 0.554]
  9: 9.859543	[15,	17,	0.339,	 0.704]
 10: 9.902564	[18,	143,	0.887,	 0.345]
 11: 9.920154	[23,	37,	0.339,	 0.704]
 12: 10.031242	[23,	282,	0.283,	 0.357]
 13: 10.091554	[18,	220,	0.368,	 0.330]
 14: 10.162824	[17,	109,	0.849,	 0.343]
 15: 10.173044	[20,	125,	0.856,	 0.387]
 16: 10.217126	[18,	37,	0.345,	 0.901]
 17: 10.306303	[ 9,	28,	0.992,	 0.836]
 18: 10.616510	[15,	265,	0.577,	 0.403]
 19: 10.651331	[22,	282,	0.957,	 0.462]
 20: 10.994259	[21,	190,	0.283,	 0.357]
 21: 11.133816	[ 8,	136,	0.858,	 0.261]
 22: 11.243592	[18,	265,	0.294,	 0.380]
 23: 11.343943	[23,	256,	0.666,	 0.370]
 24: 11.589437	[ 8,	125,	0.858,	 0.261]
 25: 11.611027	[18,	157,	0.185,	 0.362]
 26: 11.884636	[ 9,	256,	0.858,	 0.261]
 27: 12.424983	[14,	43,	0.980,	 0.916]
 28: 12.506576	[ 7,	146,	0.841,	 0.190]
 29: 12.916470	[23,	71,	0.696,	 0.391]
 30: 13.085976	[15,	282,	0.294,	 0.380]
 31: 13.087959	[10,	159,	0.760,	 0.270]
 32: 13.197618	[16,	181,	0.363,	 0.350]
 33: 13.687474	[10,	256,	0.577,	 0.403]
 34: 14.073058	[20,	33,	0.641,	 0.782]
 35: 14.196099	[22,	143,	0.700,	 0.327]
 36: 14.679613	[11,	294,	0.296,	 0.446]
 37: 14.742651	[20,	136,	0.296,	 0.446]
 38: 15.297151	[18,	43,	0.641,	 0.782]
 39: 15.690007	[10,	132,	0.994,	 0.215]
 40: 15.855318	[ 7,	163,	0.887,	 0.345]
 41: 16.108555	[22,	61,	0.368,	 0.330]
 42: 16.514861	[16,	163,	0.957,	 0.462]
 43: 16.657414	[ 8,	167,	0.599,	 0.437]
 44: 17.246695	[21,	294,	0.849,	 0.343]
 45: 17.446052	[ 9,	256,	0.462,	 0.170]
 46: 17.861857	[14,	289,	0.646,	 0.296]
 47: 18.089447	[ 7,	282,	0.841,	 0.190]
 48: 18.456195	[22,	146,	0.957,	 0.462]
 49: 18.787289	[ 7,	220,	0.666,	 0.370]
 50: 19.951144	[14,	109,	0.858,	 0.261]
 51: 20.376298	[18,	18,	0.696,	 0.391]
 52: 21.665901	[ 7,	136,	0.666,	 0.370]
 53: 22.276417	[11,	71,	0.841,	 0.190]
 54: 23.385768	[ 7,	260,	0.957,	 0.462]
 55: 25.435018	[ 7,	125,	0.296,	 0.446]
 56: 27.212688	[ 7,	163,	0.363,	 0.350]
 57: 27.548592	[18,	220,	0.205,	 0.846]
 58: 52.467920	[22,	10,	0.599,	 0.437]
 59: 137.053149	[18,	17,	0.462,	 0.170]
 60: 153.673568	[ 6,	1,	0.100,	 0.797]
 61: 595.745762	[ 7,	1,	0.898,	 0.522]
 62: 648.807990	[ 6,	0,	0.441,	 0.997]
 63: 742.197578	[ 6,	0,	0.188,	 0.982]
 64: 769.086483	[ 9,	1,	0.858,	 0.705]
 65: 798.481472	[ 8,	1,	0.499,	 0.496]
 66: 851.378893	[ 4,	0,	0.583,	 0.616]
 67: 899.173742	[ 8,	1,	0.632,	 0.457]
 68: 937.163872	[ 7,	1,	0.477,	 0.390]
 69: 1021.389591	[ 7,	0,	0.898,	 0.979]
 70: 1037.279852	[ 8,	0,	0.690,	 0.861]
 71: 1066.332411	[ 8,	0,	0.588,	 0.750]
 72: 1348.535461	[ 6,	0,	0.158,	 0.594]
 73: 1482.705156	[10,	1,	1.000,	 0.936]
 74: 1508.054082	[ 6,	0,	0.693,	 0.557]
 75: 1634.815295	[ 8,	0,	0.761,	 0.711]
 76: 1851.767100	[ 7,	0,	0.216,	 0.451]
 77: 2306.938465	[ 9,	0,	0.178,	 0.721]
 78: 2559.787685	[ 7,	0,	0.266,	 0.276]
 79: 3253.139870	[10,	0,	0.257,	 0.844]
 80: 3371.356135	[ 8,	1,	0.931,	 0.100]
 81: 3968.276385	[10,	1,	0.523,	 0.282]
 82: 4100.303198	[ 8,	0,	0.476,	 0.181]
 83: 4268.092060	[10,	0,	0.984,	 0.622]
 84: 4644.901076	[11,	1,	0.727,	 0.394]
 85: 5297.205714	[11,	1,	0.546,	 0.287]
 86: 5773.813712	[12,	1,	0.101,	 0.346]
 87: 6056.855635	[12,	0,	0.115,	 0.672]
 88: 6415.270745	[12,	0,	0.930,	 0.408]
 89: 6608.982158	[13,	1,	0.686,	 0.601]
 90: 6685.161970	[14,	1,	0.965,	 0.512]
 91: 6798.379439	[15,	1,	0.665,	 1.000]
 92: 6809.366638	[14,	1,	0.384,	 0.464]
 93: 6870.424705	[15,	1,	0.175,	 0.612]
 94: 6890.628701	[13,	0,	0.337,	 0.335]
 95: 6928.477385	[16,	1,	0.175,	 0.630]
 96: 6932.310593	[15,	0,	0.713,	 0.867]
 97: 6940.741466	[20,	1,	1.000,	 0.969]
 98: 6969.151205	[16,	1,	0.564,	 0.834]
 99: 6975.423009	[15,	1,	0.100,	 0.227]
100: 6990.861501	[16,	1,	0.264,	 0.400]
101: 7004.254815	[16,	1,	0.892,	 0.100]
102: 7023.631792	[16,	0,	0.432,	 0.327]
103: 7026.640642	[24,	0,	0.119,	 0.594]
104: 7029.345904	[17,	1,	0.607,	 0.427]
105: 7031.171488	[16,	1,	0.250,	 0.219]
106: 7057.973253	[21,	0,	0.178,	 0.386]
107: 7058.946945	[24,	0,	0.554,	 0.297]
108: 7059.088244	[21,	1,	0.379,	 0.366]
109: 7087.218239	[24,	0,	0.765,	 0.162]
110: 7087.268792	[21,	0,	0.558,	 0.233]
111: 7097.256221	[22,	1,	0.932,	 0.176]
112: 7097.704375	[26,	0,	0.412,	 0.793]
113: 7100.458572	[24,	1,	0.564,	 0.209]
114: 7100.542740	[25,	0,	0.510,	 0.920]
115: 7105.656311	[19,	0,	0.257,	 0.331]
116: 7112.097174	[24,	1,	0.472,	 1.000]
117: 7131.162173	[22,	1,	0.631,	 0.488]
118: 7175.806235	[17,	0,	0.573,	 0.331]
119: 7187.571351	[24,	0,	0.120,	 0.462]
Generation   2	[Intvl;	Thrsh;	Mon;	Updt]
  0: 6.075613	[18,	10,	0.999,	 0.881]
  1: 7.529808	[18,	282,	0.378,	 0.416]
  2: 8.148390	[23,	37,	0.205,	 0.846]
  3: 8.576734	[22,	181,	0.294,	 0.380]
  4: 8.581667	[18,	256,	0.577,	 0.403]
  5: 9.326082	[20,	125,	0.856,	 0.387]
  6: 9.405889	[22,	282,	0.957,	 0.462]
  7: 9.422169	[22,	190,	0.666,	 0.370]
  8: 9.599636	[21,	190,	0.887,	 0.345]
  9: 9.604236	[21,	282,	0.378,	 0.416]
 10: 10.020268	[17,	260,	0.378,	 0.416]
 11: 10.072225	[21,	282,	0.957,	 0.462]
 12: 10.251477	[18,	37,	0.345,	 0.901]
 13: 10.293707	[ 9,	17,	0.999,	 0.881]
 14: 10.358487	[15,	17,	0.339,	 0.704]
 15: 10.416830	[18,	265,	0.294,	 0.380]
 16: 10.511098	[22,	146,	0.666,	 0.370]
 17: 10.562744	[18,	282,	0.378,	 0.416]
 18: 10.811582	[23,	282,	0.283,	 0.357]
 19: 10.825157	[22,	37,	0.339,	 0.704]
 20: 11.372039	[23,	71,	0.696,	 0.391]
 21: 11.550392	[ 8,	136,	0.858,	 0.261]
 22: 11.561197	[18,	136,	0.368,	 0.330]
 23: 11.825457	[21,	190,	0.283,	 0.357]
 24: 12.091517	[15,	18,	0.339,	 0.704]
 25: 12.252160	[17,	109,	0.849,	 0.343]
 26: 12.420027	[ 9,	256,	0.858,	 0.261]
 27: 12.506202	[15,	265,	0.577,	 0.403]
 28: 12.537245	[23,	136,	0.378,	 0.416]
 29: 12.569762	[18,	143,	0.887,	 0.345]
 30: 12.741614	[14,	43,	0.980,	 0.916]
 31: 13.145442	[20,	136,	0.363,	 0.350]
 32: 13.924889	[18,	18,	0.333,	 0.554]
 33: 14.088325	[17,	71,	0.577,	 0.403]
 34: 14.448023	[ 9,	28,	0.992,	 0.836]
 35: 14.556433	[ 8,	125,	0.858,	 0.261]
 36: 15.172873	[23,	37,	0.339,	 0.704]
 37: 15.285566	[18,	78,	0.205,	 0.846]
 38: 15.657032	[18,	220,	0.368,	 0.330]
 39: 15.823117	[ 7,	146,	0.841,	 0.190]
 40: 16.306383	[ 8,	220,	0.368,	 0.330]
 41: 16.331206	[18,	157,	0.185,	 0.362]
 42: 16.437731	[22,	146,	0.368,	 0.330]
 43: 18.806421	[23,	256,	0.666,	 0.370]
 44: 23.334490	[21,	136,	0.205,	 0.846]
 45: 23.924554	[ 8,	18,	0.339,	 0.704]
 46: 30.468798	[15,	157,	0.980,	 0.916]
 47: 32.949351	[18,	17,	0.887,	 0.345]
 48: 35.001778	[23,	157,	0.858,	 0.261]
 49: 36.043177	[22,	190,	0.980,	 0.916]
 50: 37.094752	[23,	18,	0.368,	 0.330]
 51: 37.307683	[21,	136,	0.339,	 0.704]
 52: 41.201563	[23,	109,	0.339,	 0.704]
 53: 50.097073	[22,	282,	0.339,	 0.704]
 54: 51.284764	[21,	265,	0.339,	 0.704]
 55: 54.829889	[20,	10,	0.577,	 0.403]
 56: 56.795132	[18,	265,	0.992,	 0.836]
 57: 60.174273	[15,	43,	0.841,	 0.190]
 58: 74.412048	[15,	10,	0.666,	 0.370]
 59: 89.767468	[21,	17,	0.841,	 0.190]
 60: 523.334432	[ 5,	1,	0.623,	 0.412]
 61: 900.516942	[ 6,	0,	0.172,	 0.825]
 62: 1235.391831	[ 7,	0,	0.921,	 0.699]
 63: 1634.652235	[ 4,	0,	0.677,	 0.397]
 64: 1786.155485	[ 4,	1,	0.983,	 0.156]
 65: 1998.306765	[ 5,	0,	0.807,	 0.340]
 66: 2213.068704	[ 5,	1,	0.827,	 0.133]
 67: 2496.474986	[ 9,	0,	0.496,	 0.513]
 68: 2557.970263	[10,	1,	0.100,	 0.550]
 69: 2607.086216	[ 4,	0,	0.996,	 0.239]
 70: 2931.035233	[ 7,	0,	0.796,	 0.233]
 71: 3237.102051	[11,	1,	0.882,	 0.871]
 72: 3664.231244	[10,	0,	0.283,	 0.647]
 73: 5414.685454	[11,	0,	0.544,	 0.563]
 74: 5610.002170	[12,	1,	1.000,	 1.000]
 75: 5672.318024	[11,	0,	0.702,	 0.638]
 76: 5739.592556	[12,	1,	0.944,	 0.632]
 77: 6401.111271	[12,	0,	0.594,	 0.459]
 78: 6426.868974	[13,	1,	0.366,	 0.948]
 79: 6620.770058	[13,	1,	0.820,	 0.419]
 80: 6650.753493	[15,	1,	0.191,	 0.719]
 81: 6670.307117	[13,	1,	0.270,	 0.434]
 82: 6694.176598	[13,	1,	0.703,	 0.421]
 83: 6839.210753	[15,	0,	0.418,	 0.690]
 84: 6853.712935	[14,	1,	0.492,	 0.526]
 85: 6863.344205	[13,	0,	0.888,	 0.417]
 86: 6907.588854	[14,	0,	0.588,	 0.755]
 87: 6956.880918	[20,	0,	0.500,	 0.878]
 88: 6966.010168	[21,	1,	0.100,	 0.324]
 89: 6981.735892	[17,	1,	1.000,	 0.902]
 90: 6998.562022	[14,	0,	0.143,	 0.199]
 91: 7000.185943	[16,	0,	0.510,	 0.539]
 92: 7017.327308	[20,	0,	0.734,	 0.994]
 93: 7023.568556	[20,	1,	1.000,	 0.314]
 94: 7026.466009	[23,	0,	0.124,	 0.861]
 95: 7034.661478	[24,	1,	0.331,	 0.133]
 96: 7041.621548	[24,	0,	0.846,	 0.155]
 97: 7045.422059	[24,	1,	0.895,	 0.725]
 98: 7058.182033	[19,	1,	0.131,	 0.118]
 99: 7062.020662	[24,	1,	0.394,	 0.280]
100: 7066.028134	[17,	1,	0.389,	 0.504]
101: 7068.877590	[16,	0,	0.286,	 0.145]
102: 7071.675572	[22,	0,	0.265,	 0.299]
103: 7072.960404	[22,	0,	0.558,	 0.841]
104: 7075.845009	[18,	1,	0.358,	 0.717]
105: 7076.638814	[20,	0,	0.608,	 0.425]
106: 7079.713332	[17,	1,	0.262,	 0.956]
107: 7087.102040	[22,	1,	0.486,	 0.172]
108: 7087.868127	[20,	1,	0.337,	 0.558]
109: 7096.051333	[20,	1,	0.217,	 0.236]
110: 7098.329887	[18,	0,	0.328,	 0.813]
111: 7100.228956	[24,	1,	0.617,	 0.282]
112: 7102.235498	[24,	0,	0.337,	 0.577]
113: 7102.306935	[17,	0,	0.999,	 0.862]
114: 7105.710803	[19,	1,	1.000,	 0.284]
115: 7106.460175	[19,	0,	0.691,	 0.347]
116: 7124.382912	[26,	0,	0.469,	 0.289]
117: 7131.495828	[24,	1,	0.558,	 0.195]
118: 7164.701986	[24,	1,	1.000,	 0.149]
119: 7195.066189	[27,	0,	0.472,	 0.318]
Generation   3	[Intvl;	Thrsh;	Mon;	Updt]
  0: 3.944553	[22,	10,	0.339,	 0.704]
  1: 6.897607	[22,	18,	0.339,	 0.704]
  2: 7.052152	[22,	181,	0.294,	 0.380]
  3: 7.083913	[23,	37,	0.205,	 0.846]
  4: 7.815943	[22,	265,	0.378,	 0.416]
  5: 8.204644	[18,	10,	0.999,	 0.881]
  6: 8.385518	[21,	190,	0.294,	 0.380]
  7: 8.480138	[22,	146,	0.666,	 0.370]
  8: 8.928792	[23,	109,	0.666,	 0.370]
  9: 8.974829	[18,	181,	0.283,	 0.357]
 10: 8.994429	[21,	282,	0.378,	 0.416]
 11: 9.023190	[18,	282,	0.378,	 0.416]
 12: 9.204706	[15,	17,	0.339,	 0.704]
 13: 9.332287	[18,	282,	0.378,	 0.416]
 14: 9.379943	[17,	260,	0.378,	 0.416]
 15: 9.429621	[22,	190,	0.666,	 0.370]
 16: 9.527229	[22,	282,	0.957,	 0.462]
 17: 9.555210	[ 8,	136,	0.858,	 0.261]
 18: 9.808817	[15,	109,	0.577,	 0.403]
 19: 9.912239	[18,	136,	0.294,	 0.380]
 20: 10.003070	[23,	265,	0.378,	 0.416]
 21: 10.048368	[22,	282,	0.283,	 0.357]
 22: 10.216938	[23,	71,	0.696,	 0.391]
 23: 10.310185	[15,	190,	0.666,	 0.370]
 24: 10.322317	[18,	256,	0.577,	 0.403]
 25: 10.335827	[15,	125,	0.666,	 0.370]
 26: 10.440477	[18,	265,	0.294,	 0.380]
 27: 10.576334	[21,	190,	0.283,	 0.357]
 28: 10.617540	[18,	282,	0.957,	 0.462]
 29: 10.719358	[15,	18,	0.339,	 0.704]
 30: 10.733079	[18,	260,	0.378,	 0.416]
 31: 10.797764	[17,	125,	0.283,	 0.357]
 32: 11.089262	[23,	136,	0.378,	 0.416]
 33: 11.111491	[17,	109,	0.849,	 0.343]
 34: 11.174636	[23,	282,	0.957,	 0.462]
 35: 11.221636	[ 9,	17,	0.999,	 0.881]
 36: 11.286513	[22,	37,	0.345,	 0.901]
 37: 11.401458	[18,	37,	0.345,	 0.901]
 38: 11.474324	[22,	37,	0.339,	 0.704]
 39: 11.590049	[21,	190,	0.887,	 0.345]
 40: 11.722736	[15,	265,	0.577,	 0.403]
 41: 12.106701	[18,	136,	0.368,	 0.330]
 42: 12.175123	[20,	125,	0.856,	 0.387]
 43: 12.355617	[21,	282,	0.957,	 0.462]
 44: 12.477985	[18,	136,	0.887,	 0.345]
 45: 13.579376	[18,	143,	0.887,	 0.345]
 46: 13.617408	[ 9,	256,	0.858,	 0.261]
 47: 14.536186	[23,	282,	0.283,	 0.357]
 48: 16.264143	[22,	37,	0.378,	 0.416]
 49: 18.293280	[21,	190,	0.887,	 0.345]
 50: 18.603671	[22,	17,	0.378,	 0.416]
 51: 18.648371	[15,	109,	0.957,	 0.462]
 52: 18.770343	[ 9,	37,	0.666,	 0.370]
 53: 19.165050	[15,	181,	0.283,	 0.357]
 54: 20.598247	[22,	190,	0.849,	 0.343]
 55: 22.661323	[18,	71,	0.957,	 0.462]
 56: 39.976278	[21,	17,	0.283,	 0.357]
 57: 40.899545	[22,	136,	0.339,	 0.704]
 58: 60.784393	[22,	18,	0.858,	 0.261]
 59: 62.291276	[21,	10,	0.856,	 0.387]
 60: 460.762032	[ 8,	1,	0.897,	 0.829]
 61: 489.919970	[ 8,	1,	1.000,	 0.691]
 62: 772.377987	[ 5,	0,	0.171,	 0.773]
 63: 1093.808476	[ 7,	0,	0.238,	 0.650]
 64: 1164.201572	[ 7,	1,	1.000,	 0.296]
 65: 1244.466971	[ 8,	0,	0.429,	 0.821]
 66: 1260.597623	[ 5,	0,	0.432,	 0.490]
 67: 1401.376156	[ 6,	0,	0.269,	 0.509]
 68: 2076.328098	[ 9,	0,	0.341,	 0.763]
 69: 2328.275701	[ 6,	0,	0.898,	 0.336]
 70: 2649.804086	[10,	0,	0.255,	 0.958]
 71: 3000.884692	[10,	0,	0.824,	 0.853]
 72: 3674.820004	[ 8,	0,	0.833,	 0.225]
 73: 4021.923371	[ 9,	1,	0.920,	 0.122]
 74: 4921.386385	[10,	0,	0.804,	 0.384]
 75: 5077.187537	[11,	0,	0.865,	 0.865]
 76: 5337.491137	[11,	1,	0.457,	 0.390]
 77: 5532.007428	[11,	0,	0.806,	 0.460]
 78: 5812.381414	[11,	0,	0.774,	 0.385]
 79: 6093.818524	[12,	0,	0.569,	 0.932]
 80: 6438.252557	[13,	1,	1.000,	 0.809]
 81: 6454.092376	[12,	1,	0.908,	 0.331]
 82: 6817.741485	[15,	1,	0.549,	 0.578]
 83: 6875.004842	[14,	1,	0.581,	 0.462]
 84: 6896.816027	[15,	1,	0.519,	 0.379]
 85: 6915.213401	[15,	1,	0.266,	 1.000]
 86: 6932.914486	[21,	0,	0.873,	 0.397]
 87: 6943.433186	[18,	0,	0.250,	 0.691]
 88: 6959.665054	[16,	0,	0.807,	 0.827]
 89: 6961.716094	[14,	1,	0.645,	 0.162]
 90: 6962.476714	[17,	1,	0.486,	 0.683]
 91: 6965.436757	[15,	1,	0.100,	 0.687]
 92: 6976.988641	[22,	0,	0.754,	 0.920]
 93: 7007.307779	[23,	1,	0.476,	 0.338]
 94: 7023.525837	[18,	0,	0.443,	 0.525]
 95: 7023.832709	[17,	0,	0.270,	 0.319]
 96: 7024.771953	[24,	1,	0.884,	 0.708]
 97: 7029.210406	[23,	1,	0.999,	 0.872]
 98: 7035.278738	[23,	1,	0.754,	 0.333]
 99: 7044.344721	[16,	0,	0.737,	 0.408]
100: 7048.560126	[22,	0,	0.770,	 0.146]
101: 7049.369509	[22,	1,	0.100,	 0.212]
102: 7052.641390	[21,	0,	0.221,	 0.905]
103: 7057.111621	[18,	0,	0.451,	 0.581]
104: 7061.283879	[21,	1,	0.647,	 0.454]
105: 7071.726368	[16,	1,	0.536,	 0.441]
106: 7071.980480	[19,	1,	0.909,	 0.601]
107: 7079.272373	[21,	0,	0.444,	 0.443]
108: 7099.620963	[20,	0,	0.252,	 0.920]
109: 7100.916280	[22,	0,	0.790,	 0.434]
110: 7104.031379	[22,	1,	0.167,	 0.652]
111: 7107.729831	[22,	1,	0.250,	 0.554]
112: 7121.148692	[20,	0,	0.679,	 0.870]
113: 7125.892242	[21,	0,	0.398,	 0.562]
114: 7129.726202	[24,	1,	0.630,	 0.366]
115: 7143.086358	[17,	1,	0.236,	 1.000]
116: 7153.793713	[22,	1,	0.115,	 0.417]
117: 7154.723291	[24,	1,	0.436,	 0.178]
118: 7178.917693	[24,	1,	1.000,	 0.471]
119: 7219.945252	[24,	1,	1.000,	 0.351]
Generation   4	[Intvl;	Thrsh;	Mon;	Updt]
  0: 1.756458	[23,	10,	0.339,	 0.704]
  1: 3.033153	[22,	10,	0.339,	 0.704]
  2: 5.670192	[22,	18,	0.339,	 0.704]
  3: 6.624756	[18,	10,	0.999,	 0.881]
  4: 6.736919	[18,	18,	0.339,	 0.704]
  5: 6.841983	[22,	181,	0.294,	 0.380]
  6: 7.064207	[18,	265,	0.294,	 0.380]
  7: 7.203013	[23,	265,	0.378,	 0.416]
  8: 7.659185	[22,	265,	0.378,	 0.416]
  9: 7.880342	[23,	37,	0.205,	 0.846]
 10: 8.210244	[21,	190,	0.294,	 0.380]
 11: 8.325476	[21,	190,	0.283,	 0.357]
 12: 9.067265	[18,	282,	0.378,	 0.416]
 13: 9.140120	[22,	190,	0.666,	 0.370]
 14: 9.270324	[15,	190,	0.666,	 0.370]
 15: 9.352977	[18,	256,	0.378,	 0.416]
 16: 9.373599	[15,	125,	0.666,	 0.370]
 17: 9.408203	[23,	109,	0.294,	 0.380]
 18: 9.555803	[18,	282,	0.378,	 0.416]
 19: 9.631869	[23,	109,	0.666,	 0.370]
 20: 9.675993	[15,	17,	0.339,	 0.704]
 21: 9.875194	[22,	146,	0.666,	 0.370]
 22: 10.038465	[ 8,	136,	0.858,	 0.261]
 23: 10.113042	[21,	282,	0.378,	 0.416]
 24: 10.134236	[17,	260,	0.378,	 0.416]
 25: 10.153061	[18,	136,	0.294,	 0.380]
 26: 10.329012	[18,	260,	0.378,	 0.416]
 27: 10.457233	[18,	256,	0.577,	 0.403]
 28: 10.655216	[18,	181,	0.283,	 0.357]
 29: 10.877271	[18,	190,	0.294,	 0.380]
 30: 10.919996	[22,	282,	0.283,	 0.357]
 31: 11.094764	[22,	282,	0.957,	 0.462]
 32: 11.260379	[18,	282,	0.283,	 0.357]
 33: 11.386081	[18,	181,	0.666,	 0.370]
 34: 11.686120	[18,	282,	0.957,	 0.462]
 35: 12.220675	[15,	282,	0.666,	 0.370]
 36: 12.280733	[18,	125,	0.577,	 0.403]
 37: 12.620974	[18,	109,	0.378,	 0.416]
 38: 12.730627	[15,	18,	0.339,	 0.704]
 39: 13.145222	[15,	109,	0.577,	 0.403]
 40: 14.419379	[18,	71,	0.666,	 0.370]
 41: 15.845519	[15,	109,	0.283,	 0.357]
 42: 15.957841	[23,	71,	0.696,	 0.391]
 43: 17.689914	[18,	256,	0.666,	 0.370]
 44: 18.941322	[ 8,	256,	0.378,	 0.416]
 45: 19.122898	[ 8,	136,	0.294,	 0.380]
 46: 19.984152	[22,	282,	0.666,	 0.370]
 47: 20.078087	[15,	71,	0.378,	 0.416]
 48: 22.368993	[23,	18,	0.294,	 0.380]
 49: 22.663915	[23,	18,	0.666,	 0.370]
 50: 26.321852	[23,	17,	0.294,	 0.380]
 51: 28.387723	[22,	18,	0.294,	 0.380]
 52: 32.685077	[23,	18,	0.283,	 0.357]
 53: 33.055634	[18,	17,	0.294,	 0.380]
 54: 35.696122	[22,	109,	0.339,	 0.704]
 55: 49.417805	[22,	265,	0.339,	 0.704]
 56: 50.917510	[22,	256,	0.339,	 0.704]
 57: 52.563627	[21,	265,	0.339,	 0.704]
 58: 56.790248	[23,	260,	0.339,	 0.704]
 59: 136.572195	[22,	10,	0.283,	 0.357]
 60: 213.209272	[ 6,	1,	0.443,	 0.760]
 61: 565.675150	[ 8,	1,	0.232,	 0.487]
 62: 786.671313	[ 7,	0,	0.390,	 0.943]
 63: 795.995614	[ 8,	0,	0.855,	 0.820]
 64: 851.616182	[ 9,	1,	0.733,	 0.569]
 65: 1122.243273	[ 4,	0,	0.484,	 0.574]
 66: 1219.543533	[ 8,	1,	0.416,	 0.398]
 67: 1265.881866	[ 8,	0,	0.483,	 0.680]
 68: 1753.691697	[ 9,	0,	0.570,	 0.786]
 69: 1984.362806	[ 7,	0,	0.157,	 0.391]
 70: 2538.720709	[ 9,	0,	0.883,	 0.453]
 71: 2775.424713	[ 5,	0,	0.398,	 0.257]
 72: 2957.639080	[10,	0,	0.134,	 0.899]
 73: 3230.605866	[10,	0,	0.366,	 0.854]
 74: 3404.304756	[ 7,	0,	0.731,	 0.197]
 75: 3546.929193	[ 5,	0,	0.148,	 0.132]
 76: 4177.293635	[ 8,	0,	0.188,	 0.169]
 77: 5594.245736	[11,	1,	0.846,	 0.351]
 78: 5722.687714	[11,	1,	0.380,	 0.135]
 79: 6774.774239	[15,	0,	0.712,	 0.746]
 80: 6814.448131	[13,	0,	0.489,	 0.361]
 81: 6845.541599	[14,	1,	0.924,	 0.522]
 82: 6855.637335	[14,	1,	0.152,	 0.472]
 83: 6856.880520	[13,	0,	0.815,	 0.686]
 84: 6900.737385	[14,	0,	0.683,	 0.233]
 85: 6910.058679	[14,	0,	0.979,	 0.124]
 86: 6923.537818	[15,	0,	0.704,	 0.644]
 87: 6959.678834	[18,	1,	0.529,	 0.227]
 88: 6959.912056	[16,	1,	0.237,	 1.000]
 89: 6981.530743	[18,	1,	0.628,	 0.143]
 90: 6988.509544	[27,	0,	0.629,	 0.589]
 91: 6991.285690	[20,	0,	0.777,	 0.912]
 92: 6993.518523	[16,	0,	0.678,	 0.132]
 93: 7009.814778	[18,	1,	0.520,	 0.414]
 94: 7016.888369	[16,	1,	0.100,	 0.539]
 95: 7020.728441	[17,	1,	0.267,	 0.352]
 96: 7027.469041	[17,	1,	0.471,	 0.810]
 97: 7038.242141	[19,	1,	0.686,	 0.635]
 98: 7039.873696	[22,	0,	0.324,	 0.294]
 99: 7050.477893	[19,	1,	0.362,	 0.320]
100: 7054.200178	[23,	1,	0.660,	 0.596]
101: 7066.526545	[24,	1,	0.299,	 0.474]
102: 7073.693034	[26,	0,	0.718,	 0.544]
103: 7075.175956	[18,	0,	0.920,	 0.473]
104: 7075.404178	[20,	0,	0.409,	 0.240]
105: 7076.864566	[20,	0,	0.249,	 0.324]
106: 7080.078292	[22,	1,	1.000,	 1.000]
107: 7085.855978	[19,	1,	0.920,	 0.577]
108: 7089.893015	[21,	0,	0.147,	 0.659]
109: 7090.248727	[19,	1,	0.250,	 0.385]
110: 7090.914323	[24,	1,	0.706,	 0.405]
111: 7091.869525	[21,	1,	0.309,	 0.609]
112: 7097.606456	[22,	1,	0.686,	 0.620]
113: 7107.861590	[24,	0,	0.352,	 0.888]
114: 7113.941851	[19,	1,	0.100,	 0.624]
115: 7116.196256	[24,	1,	0.100,	 0.593]
116: 7124.900448	[24,	1,	0.847,	 0.300]
117: 7154.612915	[21,	0,	0.140,	 0.961]
118: 7182.801323	[24,	1,	0.810,	 0.569]
119: 7189.361289	[24,	1,	0.218,	 0.755]
Generation   5	[Intvl;	Thrsh;	Mon;	Updt]
  0: 1.403366	[23,	10,	0.339,	 0.704]
  1: 3.062889	[23,	10,	0.339,	 0.704]
  2: 3.899624	[22,	10,	0.339,	 0.704]
  3: 4.712123	[22,	18,	0.339,	 0.704]
  4: 6.892447	[18,	10,	0.999,	 0.881]
  5: 7.034439	[22,	265,	0.378,	 0.416]
  6: 7.252866	[21,	256,	0.294,	 0.380]
  7: 7.685481	[18,	256,	0.577,	 0.403]
  8: 7.921099	[18,	282,	0.378,	 0.416]
  9: 8.034280	[21,	190,	0.294,	 0.380]
 10: 8.141703	[18,	282,	0.294,	 0.380]
 11: 8.306929	[22,	190,	0.294,	 0.380]
 12: 8.346221	[18,	265,	0.294,	 0.380]
 13: 8.354972	[18,	190,	0.294,	 0.380]
 14: 8.476263	[18,	282,	0.378,	 0.416]
 15: 8.554307	[18,	181,	0.283,	 0.357]
 16: 8.567812	[18,	256,	0.378,	 0.416]
 17: 8.574078	[18,	190,	0.294,	 0.380]
 18: 8.709886	[22,	181,	0.294,	 0.380]
 19: 8.737981	[18,	18,	0.339,	 0.704]
 20: 8.852668	[23,	37,	0.205,	 0.846]
 21: 8.874093	[21,	282,	0.378,	 0.416]
 22: 9.147966	[15,	17,	0.339,	 0.704]
 23: 9.163319	[23,	265,	0.378,	 0.416]
 24: 9.360221	[18,	282,	0.378,	 0.416]
 25: 9.399484	[15,	190,	0.666,	 0.370]
 26: 9.562361	[22,	146,	0.666,	 0.370]
 27: 9.644767	[18,	136,	0.294,	 0.380]
 28: 9.720747	[15,	10,	0.339,	 0.704]
 29: 9.786728	[ 8,	136,	0.858,	 0.261]
 30: 9.988121	[23,	109,	0.666,	 0.370]
 31: 10.241650	[23,	109,	0.294,	 0.380]
 32: 10.242293	[22,	190,	0.294,	 0.380]
 33: 10.247414	[15,	265,	0.294,	 0.380]
 34: 10.336034	[21,	190,	0.283,	 0.357]
 35: 10.421169	[18,	136,	0.294,	 0.380]
 36: 10.533801	[22,	265,	0.378,	 0.416]
 37: 10.551404	[17,	260,	0.378,	 0.416]
 38: 10.574586	[23,	190,	0.283,	 0.357]
 39: 10.872829	[15,	190,	0.666,	 0.370]
 40: 10.917121	[18,	125,	0.378,	 0.416]
 41: 10.925090	[15,	125,	0.666,	 0.370]
 42: 10.936461	[22,	190,	0.666,	 0.370]
 43: 10.971411	[18,	18,	0.339,	 0.704]
 44: 11.175118	[18,	190,	0.294,	 0.380]
 45: 11.310173	[18,	260,	0.378,	 0.416]
 46: 12.010641	[15,	109,	0.378,	 0.416]
 47: 13.352634	[ 8,	265,	0.666,	 0.370]
 48: 14.711313	[15,	181,	0.378,	 0.416]
 49: 15.330478	[23,	18,	0.577,	 0.403]
 50: 23.197963	[18,	18,	0.378,	 0.416]
 51: 29.321962	[21,	17,	0.294,	 0.380]
 52: 35.184698	[23,	109,	0.339,	 0.704]
 53: 35.369714	[15,	265,	0.339,	 0.704]
 54: 40.428476	[18,	282,	0.339,	 0.704]
 55: 48.505011	[22,	265,	0.339,	 0.704]
 56: 55.678984	[18,	10,	0.666,	 0.370]
 57: 59.235584	[18,	10,	0.378,	 0.416]
 58: 82.211881	[22,	10,	0.666,	 0.370]
 59: 82.795873	[18,	10,	0.294,	 0.380]
 60: 255.780425	[ 6,	1,	0.154,	 0.589]
 61: 584.863071	[ 4,	0,	0.709,	 0.729]
 62: 1168.072502	[ 7,	0,	0.393,	 0.608]
 63: 1246.685271	[ 7,	0,	0.304,	 0.650]
 64: 1345.491433	[ 8,	0,	0.614,	 0.793]
 65: 1346.856926	[ 6,	0,	0.986,	 0.559]
 66: 1349.105921	[ 7,	0,	0.595,	 0.581]
 67: 1585.419124	[ 7,	0,	0.472,	 0.477]
 68: 3312.476729	[ 8,	0,	0.566,	 0.214]
 69: 4290.367947	[10,	1,	0.763,	 0.233]
 70: 4451.578447	[10,	1,	0.837,	 0.268]
 71: 6303.058047	[11,	0,	0.673,	 0.204]
 72: 6519.478160	[13,	1,	0.415,	 0.729]
 73: 6621.316785	[13,	0,	0.217,	 0.481]
 74: 6776.682312	[14,	0,	0.810,	 0.879]
 75: 6777.295449	[15,	0,	0.436,	 0.827]
 76: 6881.626435	[16,	1,	1.000,	 0.916]
 77: 6920.847264	[16,	1,	0.395,	 0.647]
 78: 6976.284165	[18,	1,	0.233,	 0.425]
 79: 6984.765046	[16,	1,	0.100,	 0.651]
 80: 6992.802860	[18,	1,	0.471,	 0.479]
 81: 7000.938498	[16,	0,	0.466,	 0.357]
 82: 7003.072702	[17,	0,	0.533,	 0.510]
 83: 7004.591921	[24,	1,	0.100,	 0.429]
 84: 7017.314751	[17,	1,	0.328,	 0.976]
 85: 7028.384024	[21,	1,	0.429,	 0.241]
 86: 7031.253807	[19,	0,	0.373,	 0.213]
 87: 7036.707510	[20,	0,	0.316,	 0.956]
 88: 7044.546713	[17,	1,	0.232,	 0.672]
 89: 7051.728531	[19,	1,	0.334,	 0.530]
 90: 7055.009370	[26,	0,	0.397,	 0.976]
 91: 7055.824090	[21,	1,	0.327,	 1.000]
 92: 7056.395011	[23,	0,	0.765,	 0.522]
 93: 7061.854325	[27,	0,	0.705,	 0.937]
 94: 7069.663296	[24,	1,	0.336,	 0.359]
 95: 7069.934276	[16,	1,	0.251,	 0.812]
 96: 7071.785189	[18,	1,	0.814,	 0.206]
 97: 7078.586943	[27,	0,	0.907,	 0.442]
 98: 7089.921103	[19,	1,	0.729,	 0.579]
 99: 7089.949374	[19,	1,	0.398,	 0.587]
100: 7091.797528	[24,	1,	0.100,	 0.188]
101: 7092.184978	[24,	1,	0.655,	 0.627]
102: 7095.917294	[22,	1,	0.158,	 0.448]
103: 7097.100203	[22,	0,	0.246,	 0.763]
104: 7098.377645	[20,	0,	0.497,	 0.173]
105: 7102.691703	[27,	0,	0.585,	 0.752]
106: 7105.689564	[23,	1,	0.189,	 0.683]
107: 7110.244212	[22,	0,	0.528,	 0.629]
108: 7113.277718	[16,	1,	0.419,	 0.327]
109: 7115.593094	[17,	1,	0.133,	 0.432]
110: 7116.759063	[25,	0,	0.691,	 0.460]
111: 7119.172543	[24,	1,	0.739,	 0.530]
112: 7119.591151	[19,	1,	0.530,	 0.215]
113: 7120.658814	[27,	0,	0.642,	 0.765]
114: 7123.412220	[23,	1,	0.188,	 0.800]
115: 7132.897791	[24,	1,	0.100,	 0.727]
116: 7163.617801	[23,	0,	0.401,	 0.421]
117: 7178.219026	[27,	0,	0.172,	 0.985]
118: 7193.007483	[27,	0,	0.722,	 0.644]
119: 7202.746691	[24,	0,	0.762,	 0.829]
Generation   6	[Intvl;	Thrsh;	Mon;	Updt]
  0: 2.898280	[23,	10,	0.339,	 0.704]
  1: 3.224979	[23,	10,	0.339,	 0.704]
  2: 3.340571	[22,	10,	0.339,	 0.704]
  3: 5.315898	[22,	18,	0.339,	 0.704]
  4: 6.088198	[18,	10,	0.999,	 0.881]
  5: 6.172024	[18,	18,	0.339,	 0.704]
  6: 6.893667	[23,	265,	0.378,	 0.416]
  7: 6.945182	[18,	17,	0.339,	 0.704]
  8: 7.508423	[21,	256,	0.294,	 0.380]
  9: 7.815527	[22,	265,	0.378,	 0.416]
 10: 8.013242	[18,	256,	0.378,	 0.416]
 11: 8.223712	[22,	190,	0.294,	 0.380]
 12: 8.328629	[18,	282,	0.378,	 0.416]
 13: 8.329440	[18,	265,	0.378,	 0.416]
 14: 8.358565	[22,	181,	0.294,	 0.380]
 15: 8.457018	[18,	282,	0.378,	 0.416]
 16: 8.516922	[18,	282,	0.378,	 0.416]
 17: 8.703124	[18,	282,	0.294,	 0.380]
 18: 8.875860	[21,	190,	0.294,	 0.380]
 19: 9.008876	[23,	37,	0.205,	 0.846]
 20: 9.167318	[23,	256,	0.378,	 0.416]
 21: 9.189337	[18,	265,	0.378,	 0.416]
 22: 9.197614	[22,	190,	0.294,	 0.380]
 23: 9.207104	[21,	282,	0.378,	 0.416]
 24: 9.232882	[18,	256,	0.577,	 0.403]
 25: 9.324685	[22,	190,	0.294,	 0.380]
 26: 9.377640	[22,	146,	0.666,	 0.370]
 27: 9.443539	[18,	282,	0.294,	 0.380]
 28: 9.476867	[15,	17,	0.339,	 0.704]
 29: 10.015847	[18,	265,	0.294,	 0.380]
 30: 10.143066	[18,	181,	0.283,	 0.357]
 31: 10.276999	[18,	136,	0.294,	 0.380]
 32: 10.381287	[18,	190,	0.294,	 0.380]
 33: 10.462588	[18,	181,	0.378,	 0.416]
 34: 10.800433	[18,	282,	0.294,	 0.380]
 35: 10.897929	[15,	190,	0.666,	 0.370]
 36: 11.093101	[15,	10,	0.339,	 0.704]
 37: 11.139827	[15,	190,	0.378,	 0.416]
 38: 11.416283	[18,	190,	0.294,	 0.380]
 39: 11.498266	[ 8,	136,	0.858,	 0.261]
 40: 11.988699	[18,	190,	0.294,	 0.380]
 41: 12.024443	[22,	146,	0.378,	 0.416]
 42: 12.629569	[18,	136,	0.294,	 0.380]
 43: 13.589237	[18,	181,	0.378,	 0.416]
 44: 15.843450	[18,	37,	0.378,	 0.416]
 45: 15.855400	[22,	18,	0.378,	 0.416]
 46: 19.485225	[ 8,	181,	0.283,	 0.357]
 47: 20.666726	[ 8,	181,	0.294,	 0.380]
 48: 27.021984	[21,	18,	0.294,	 0.380]
 49: 27.292623	[ 8,	190,	0.339,	 0.704]
 50: 29.084006	[18,	17,	0.294,	 0.380]
 51: 34.172544	[21,	190,	0.205,	 0.846]
 52: 36.097454	[21,	136,	0.339,	 0.704]
 53: 40.805753	[18,	10,	0.577,	 0.403]
 54: 42.179833	[18,	265,	0.339,	 0.704]
 55: 48.990413	[22,	190,	0.339,	 0.704]
 56: 57.121450	[22,	282,	0.339,	 0.704]
 57: 66.839444	[22,	10,	0.378,	 0.416]
 58: 68.507936	[18,	10,	0.378,	 0.416]
 59: 129.485779	[23,	10,	0.283,	 0.357]
 60: 378.109035	[ 7,	1,	0.596,	 0.864]
 61: 635.327124	[ 4,	1,	0.642,	 0.326]
 62: 1178.692934	[ 6,	0,	0.361,	 0.551]
 63: 2077.300480	[ 5,	0,	0.687,	 0.385]
 64: 2269.629883	[ 9,	0,	0.474,	 0.589]
 65: 2461.091299	[ 8,	0,	0.874,	 0.377]
 66: 2596.950388	[ 8,	0,	0.952,	 0.458]
 67: 3653.874221	[ 7,	0,	0.570,	 0.157]
 68: 4319.693076	[ 9,	1,	0.335,	 0.100]
 69: 6136.346350	[11,	0,	0.994,	 0.310]
 70: 6392.303343	[12,	0,	0.248,	 0.596]
 71: 6475.503451	[12,	0,	0.907,	 0.293]
 72: 6659.196409	[14,	1,	0.450,	 0.605]
 73: 6670.970199	[14,	1,	0.406,	 0.850]
 74: 6678.623034	[15,	1,	0.505,	 0.792]
 75: 6703.551190	[13,	0,	0.659,	 0.387]
 76: 6710.709904	[13,	0,	0.745,	 0.788]
 77: 6716.179378	[14,	1,	0.650,	 0.410]
 78: 6717.084725	[12,	0,	0.705,	 0.116]
 79: 6849.128425	[13,	1,	0.177,	 0.164]
 80: 6882.077683	[16,	1,	1.000,	 1.000]
 81: 6908.488462	[15,	0,	0.597,	 0.730]
 82: 6938.658407	[18,	1,	0.500,	 0.911]
 83: 6952.963177	[15,	0,	0.375,	 0.837]
 84: 6953.789198	[18,	1,	0.377,	 0.414]
 85: 6956.590873	[14,	0,	0.147,	 0.976]
 86: 6979.760762	[18,	0,	0.299,	 0.360]
 87: 6988.421613	[17,	0,	0.484,	 0.868]
 88: 6991.643540	[16,	1,	0.640,	 0.346]
 89: 7002.639534	[21,	1,	0.261,	 0.172]
 90: 7009.913883	[20,	1,	0.102,	 0.489]
 91: 7011.649628	[21,	0,	0.677,	 0.848]
 92: 7031.860427	[15,	0,	0.847,	 0.182]
 93: 7042.343141	[18,	1,	0.171,	 0.212]
 94: 7065.085944	[24,	1,	0.265,	 0.607]
 95: 7065.487831	[22,	1,	0.100,	 0.680]
 96: 7067.709358	[25,	0,	0.685,	 0.283]
 97: 7071.806830	[19,	1,	0.610,	 0.853]
 98: 7072.357837	[20,	0,	0.876,	 0.478]
 99: 7072.604411	[18,	1,	0.518,	 0.373]
100: 7078.694668	[24,	1,	0.100,	 1.000]
101: 7080.232894	[24,	1,	0.179,	 0.607]
102: 7080.475016	[18,	1,	0.424,	 0.903]
103: 7085.763343	[27,	0,	0.401,	 0.975]
104: 7093.198417	[24,	1,	0.385,	 0.323]
105: 7096.518438	[22,	0,	0.252,	 0.681]
106: 7100.828642	[17,	1,	0.858,	 0.100]
107: 7107.163093	[23,	1,	0.736,	 0.156]
108: 7108.431024	[21,	0,	0.923,	 0.428]
109: 7110.875424	[20,	1,	0.473,	 0.203]
110: 7122.274602	[23,	0,	0.671,	 0.137]
111: 7127.488292	[24,	1,	0.100,	 0.511]
112: 7130.197821	[24,	1,	0.308,	 0.120]
113: 7134.172262	[24,	0,	0.424,	 0.293]
114: 7143.535008	[24,	0,	0.909,	 0.357]
115: 7144.320743	[19,	1,	0.406,	 0.437]
116: 7150.150751	[24,	1,	0.560,	 0.396]
117: 7161.330411	[20,	0,	0.232,	 0.890]
118: 7171.079113	[27,	0,	0.768,	 0.417]
119: 7205.133190	[23,	0,	0.332,	 0.570]
Generation   7	[Intvl;	Thrsh;	Mon;	Updt]
  0: 1.320504	[23,	10,	0.339,	 0.704]
  1: 3.527845	[22,	10,	0.339,	 0.704]
  2: 3.623758	[23,	10,	0.339,	 0.704]
  3: 6.379793	[22,	18,	0.339,	 0.704]
  4: 6.576412	[18,	10,	0.999,	 0.881]
  5: 7.050927	[23,	265,	0.378,	 0.416]
  6: 7.059732	[22,	181,	0.294,	 0.380]
  7: 7.080037	[18,	18,	0.339,	 0.704]
  8: 7.591441	[18,	265,	0.294,	 0.380]
  9: 7.634378	[22,	265,	0.378,	 0.416]
 10: 7.801483	[18,	256,	0.577,	 0.403]
 11: 7.868425	[18,	256,	0.294,	 0.380]
 12: 8.079615	[23,	37,	0.205,	 0.846]
 13: 8.128289	[18,	282,	0.378,	 0.416]
 14: 8.141095	[18,	265,	0.378,	 0.416]
 15: 8.423555	[18,	17,	0.339,	 0.704]
 16: 8.537344	[22,	265,	0.378,	 0.416]
 17: 8.606775	[21,	265,	0.294,	 0.380]
 18: 8.724089	[18,	256,	0.378,	 0.416]
 19: 8.726590	[18,	282,	0.378,	 0.416]
 20: 8.733134	[15,	17,	0.339,	 0.704]
 21: 8.765349	[18,	282,	0.294,	 0.380]
 22: 8.893322	[18,	265,	0.294,	 0.380]
 23: 8.937142	[22,	190,	0.294,	 0.380]
 24: 8.948204	[22,	190,	0.378,	 0.416]
 25: 8.957622	[22,	190,	0.378,	 0.416]
 26: 9.002053	[21,	190,	0.294,	 0.380]
 27: 9.044162	[18,	265,	0.577,	 0.403]
 28: 9.061521	[22,	190,	0.294,	 0.380]
 29: 9.113391	[22,	146,	0.666,	 0.370]
 30: 9.127324	[22,	265,	0.378,	 0.416]
 31: 9.232122	[22,	190,	0.294,	 0.380]
 32: 9.289174	[22,	282,	0.294,	 0.380]
 33: 9.381980	[18,	282,	0.378,	 0.416]
 34: 9.436614	[18,	282,	0.378,	 0.416]
 35: 9.567254	[23,	256,	0.378,	 0.416]
 36: 9.595871	[18,	265,	0.378,	 0.416]
 37: 9.750879	[21,	282,	0.378,	 0.416]
 38: 9.845945	[18,	282,	0.294,	 0.380]
 39: 9.990146	[21,	282,	0.294,	 0.380]
 40: 10.012188	[18,	282,	0.378,	 0.416]
 41: 10.041632	[18,	282,	0.294,	 0.380]
 42: 10.092767	[18,	282,	0.294,	 0.380]
 43: 10.111065	[18,	190,	0.378,	 0.416]
 44: 10.660955	[21,	256,	0.294,	 0.380]
 45: 10.952804	[18,	265,	0.378,	 0.416]
 46: 11.065927	[18,	282,	0.577,	 0.403]
 47: 20.136497	[18,	18,	0.378,	 0.416]
 48: 20.163173	[22,	37,	0.294,	 0.380]
 49: 28.551533	[18,	17,	0.378,	 0.416]
 50: 32.543214	[18,	265,	0.205,	 0.846]
 51: 35.548519	[18,	190,	0.339,	 0.704]
 52: 41.731184	[18,	265,	0.339,	 0.704]
 53: 47.122354	[22,	190,	0.339,	 0.704]
 54: 50.376463	[18,	265,	0.999,	 0.881]
 55: 51.332701	[22,	282,	0.339,	 0.704]
 56: 51.928802	[18,	256,	0.999,	 0.881]
 57: 52.070832	[18,	10,	0.378,	 0.416]
 58: 66.756955	[22,	10,	0.378,	 0.416]
 59: 89.858525	[18,	10,	0.294,	 0.380]
 60: 571.268993	[ 5,	0,	0.964,	 0.856]
 61: 615.302877	[ 4,	0,	0.719,	 0.744]
 62: 733.701859	[ 8,	0,	0.861,	 0.981]
 63: 857.081228	[ 4,	0,	0.552,	 0.713]
 64: 1049.580201	[ 6,	0,	0.452,	 0.739]
 65: 1072.959519	[ 9,	1,	0.364,	 0.648]
 66: 1280.906845	[ 7,	0,	0.176,	 0.693]
 67: 1595.140903	[ 9,	0,	0.292,	 0.733]
 68: 2127.810085	[ 9,	1,	0.284,	 0.377]
 69: 2278.667484	[ 5,	0,	0.256,	 0.304]
 70: 2304.240858	[ 9,	0,	0.206,	 0.732]
 71: 2477.166846	[ 9,	0,	0.319,	 0.485]
 72: 3254.966438	[10,	0,	0.295,	 0.850]
 73: 4109.881479	[10,	0,	0.947,	 0.631]
 74: 4856.581516	[10,	0,	0.306,	 0.457]
 75: 6395.334320	[13,	1,	0.660,	 0.877]
 76: 6659.972091	[12,	0,	0.741,	 0.314]
 77: 6770.599806	[14,	0,	0.841,	 0.870]
 78: 6821.376127	[15,	1,	0.404,	 0.489]
 79: 6828.875549	[16,	1,	1.000,	 0.874]
 80: 6906.496081	[15,	0,	0.173,	 0.571]
 81: 6908.234251	[13,	0,	0.899,	 0.326]
 82: 6931.688178	[16,	0,	0.437,	 0.262]
 83: 7000.208257	[21,	0,	0.841,	 0.562]
 84: 7007.233622	[17,	1,	0.379,	 0.527]
 85: 7011.530675	[18,	0,	0.553,	 0.332]
 86: 7021.125246	[15,	1,	0.430,	 0.383]
 87: 7027.953922	[18,	1,	0.179,	 0.100]
 88: 7038.715326	[27,	0,	0.122,	 0.542]
 89: 7039.082649	[23,	1,	0.620,	 0.560]
 90: 7041.999531	[23,	0,	0.788,	 0.215]
 91: 7047.305203	[17,	1,	0.100,	 0.524]
 92: 7055.375204	[18,	1,	0.301,	 0.421]
 93: 7061.393654	[24,	1,	0.282,	 1.000]
 94: 7063.974177	[24,	1,	0.576,	 1.000]
 95: 7065.453406	[20,	1,	0.492,	 0.277]
 96: 7069.507486	[21,	1,	0.246,	 0.867]
 97: 7070.256486	[23,	1,	0.145,	 0.111]
 98: 7073.759764	[20,	0,	0.993,	 0.493]
 99: 7075.707038	[20,	0,	0.595,	 0.275]
100: 7078.783230	[17,	1,	0.433,	 0.246]
101: 7082.802731	[24,	1,	0.700,	 0.295]
102: 7084.860945	[23,	1,	0.235,	 0.595]
103: 7087.455696	[21,	1,	0.531,	 0.452]
104: 7089.391928	[21,	1,	0.518,	 0.570]
105: 7095.597315	[23,	0,	0.889,	 0.847]
106: 7099.631588	[24,	1,	0.371,	 0.585]
107: 7099.956744	[21,	1,	0.697,	 0.397]
108: 7114.696269	[24,	1,	0.563,	 0.678]
109: 7118.727791	[24,	0,	0.210,	 0.753]
110: 7126.732856	[20,	0,	0.315,	 0.579]
111: 7128.223244	[22,	1,	0.536,	 0.259]
112: 7131.885655	[21,	0,	0.154,	 0.288]
113: 7138.341526	[24,	1,	0.100,	 0.882]
114: 7140.829800	[24,	1,	0.407,	 0.452]
115: 7141.156028	[23,	1,	0.422,	 0.368]
116: 7151.666805	[26,	0,	0.465,	 0.522]
117: 7171.344860	[21,	0,	0.378,	 0.131]
118: 7172.461158	[23,	1,	0.100,	 0.243]
119: 7183.027175	[24,	1,	0.100,	 0.498]
Generation   8	[Intvl;	Thrsh;	Mon;	Updt]
  0: 2.128306	[23,	10,	0.339,	 0.704]
  1: 2.165662	[22,	10,	0.339,	 0.704]
  2: 2.664922	[23,	10,	0.339,	 0.704]
  3: 2.795367	[22,	10,	0.339,	 0.704]
  4: 5.912055	[22,	18,	0.339,	 0.704]
  5: 5.917362	[22,	10,	0.999,	 0.881]
  6: 6.269097	[18,	10,	0.339,	 0.704]
  7: 6.821709	[21,	190,	0.294,	 0.380]
  8: 7.050677	[18,	10,	0.999,	 0.881]
  9: 7.457350	[22,	190,	0.378,	 0.416]
 10: 7.922525	[22,	265,	0.294,	 0.380]
 11: 7.979343	[22,	190,	0.294,	 0.380]
 12: 8.015363	[23,	265,	0.294,	 0.380]
 13: 8.143144	[18,	17,	0.339,	 0.704]
 14: 8.148174	[23,	37,	0.205,	 0.846]
 15: 8.158613	[22,	190,	0.294,	 0.380]
 16: 8.177242	[18,	265,	0.294,	 0.380]
 17: 8.445372	[18,	265,	0.294,	 0.380]
 18: 8.653179	[18,	18,	0.339,	 0.704]
 19: 8.742084	[18,	256,	0.378,	 0.416]
 20: 8.870425	[22,	265,	0.378,	 0.416]
 21: 8.941326	[23,	265,	0.378,	 0.416]
 22: 8.945889	[23,	190,	0.378,	 0.416]
 23: 9.029408	[18,	265,	0.577,	 0.403]
 24: 9.142468	[22,	181,	0.294,	 0.380]
 25: 9.146535	[18,	17,	0.339,	 0.704]
 26: 9.195615	[23,	265,	0.378,	 0.416]
 27: 9.222460	[18,	282,	0.294,	 0.380]
 28: 9.274693	[22,	265,	0.378,	 0.416]
 29: 9.503986	[18,	256,	0.294,	 0.380]
 30: 9.515557	[23,	190,	0.294,	 0.380]
 31: 9.552989	[22,	190,	0.294,	 0.380]
 32: 9.590021	[18,	265,	0.378,	 0.416]
 33: 9.652890	[18,	265,	0.294,	 0.380]
 34: 9.747299	[21,	282,	0.294,	 0.380]
 35: 9.748975	[22,	190,	0.378,	 0.416]
 36: 9.831753	[15,	17,	0.339,	 0.704]
 37: 10.042568	[18,	282,	0.378,	 0.416]
 38: 10.134918	[18,	265,	0.378,	 0.416]
 39: 10.329776	[23,	256,	0.294,	 0.380]
 40: 10.578124	[18,	256,	0.577,	 0.403]
 41: 10.642257	[18,	282,	0.294,	 0.380]
 42: 11.121787	[22,	146,	0.666,	 0.370]
 43: 11.132022	[18,	282,	0.378,	 0.416]
 44: 11.957418	[21,	265,	0.294,	 0.380]
 45: 15.092508	[18,	256,	0.294,	 0.380]
 46: 15.140443	[15,	146,	0.378,	 0.416]
 47: 17.935655	[18,	37,	0.294,	 0.380]
 48: 20.793372	[18,	17,	0.378,	 0.416]
 49: 24.031866	[21,	18,	0.294,	 0.380]
 50: 31.669680	[18,	17,	0.294,	 0.380]
 51: 36.413312	[18,	146,	0.339,	 0.704]
 52: 36.848110	[18,	256,	0.339,	 0.704]
 53: 39.810244	[18,	265,	0.339,	 0.704]
 54: 45.301021	[22,	256,	0.339,	 0.704]
 55: 46.093054	[23,	146,	0.339,	 0.704]
 56: 49.732600	[22,	256,	0.339,	 0.704]
 57: 53.244602	[15,	10,	0.378,	 0.416]
 58: 55.444951	[22,	10,	0.577,	 0.403]
 59: 97.817537	[18,	10,	0.294,	 0.380]
 60: 619.764341	[ 6,	0,	0.329,	 0.949]
 61: 721.334613	[ 5,	0,	0.381,	 0.874]
 62: 1097.288268	[ 6,	0,	0.514,	 0.634]
 63: 1197.405747	[ 5,	0,	0.120,	 0.457]
 64: 1203.596461	[ 8,	0,	0.731,	 0.965]
 65: 1325.469236	[10,	1,	1.000,	 0.914]
 66: 1638.877365	[ 9,	0,	0.988,	 0.937]
 67: 2181.554698	[ 9,	0,	0.973,	 0.740]
 68: 2522.940800	[ 4,	0,	0.429,	 0.251]
 69: 2805.211894	[ 6,	0,	0.162,	 0.231]
 70: 3059.151591	[11,	1,	0.385,	 0.906]
 71: 3243.032704	[10,	0,	0.461,	 0.733]
 72: 3511.493906	[ 4,	0,	0.825,	 0.133]
 73: 4509.682629	[10,	0,	0.367,	 0.445]
 74: 6445.682546	[12,	0,	0.645,	 0.289]
 75: 6715.184919	[13,	0,	0.332,	 0.697]
 76: 6759.993991	[14,	0,	0.830,	 0.714]
 77: 6798.074987	[15,	1,	0.448,	 0.384]
 78: 6828.149202	[16,	0,	0.996,	 0.769]
 79: 6927.460247	[17,	1,	0.642,	 0.808]
 80: 6953.305964	[16,	1,	0.541,	 0.558]
 81: 6960.872170	[16,	1,	0.258,	 0.363]
 82: 6973.983150	[19,	0,	0.312,	 0.147]
 83: 6993.942033	[15,	0,	0.953,	 0.157]
 84: 6995.642584	[16,	1,	0.175,	 0.413]
 85: 7003.684316	[18,	1,	0.828,	 0.452]
 86: 7013.220768	[27,	0,	0.776,	 0.104]
 87: 7017.165356	[20,	1,	0.100,	 1.000]
 88: 7042.022743	[20,	0,	0.361,	 0.392]
 89: 7043.743295	[24,	1,	0.128,	 0.386]
 90: 7052.819100	[18,	1,	0.412,	 0.492]
 91: 7055.444590	[17,	0,	0.887,	 0.364]
 92: 7056.044982	[21,	1,	0.332,	 0.991]
 93: 7056.109535	[20,	0,	0.770,	 0.941]
 94: 7058.350470	[24,	1,	0.374,	 0.228]
 95: 7058.370116	[20,	0,	0.557,	 0.310]
 96: 7061.060648	[21,	1,	0.530,	 0.106]
 97: 7062.046379	[16,	1,	0.410,	 0.374]
 98: 7062.803014	[16,	0,	0.190,	 0.391]
 99: 7066.419696	[24,	1,	0.327,	 0.404]
100: 7069.052936	[23,	1,	0.521,	 0.507]
101: 7069.355369	[16,	1,	0.801,	 0.115]
102: 7080.366806	[19,	1,	0.270,	 0.330]
103: 7082.229021	[24,	1,	0.100,	 0.566]
104: 7088.690070	[23,	0,	0.532,	 0.240]
105: 7094.108142	[21,	0,	0.713,	 0.826]
106: 7101.659494	[24,	1,	0.269,	 0.861]
107: 7103.983861	[19,	1,	0.720,	 0.821]
108: 7104.626365	[22,	1,	0.430,	 0.599]
109: 7106.342242	[26,	0,	0.899,	 0.698]
110: 7118.438931	[21,	1,	0.421,	 0.508]
111: 7122.678409	[24,	1,	0.100,	 1.000]
112: 7126.181053	[23,	0,	0.329,	 0.790]
113: 7132.091554	[20,	1,	0.469,	 0.249]
114: 7138.237042	[22,	1,	0.530,	 0.314]
115: 7144.796836	[20,	1,	0.390,	 0.285]
116: 7151.607944	[24,	1,	0.162,	 0.796]
117: 7153.908043	[19,	1,	0.266,	 0.245]
118: 7160.470213	[17,	0,	0.424,	 0.936]
119: 7163.771401	[22,	0,	0.736,	 0.839]
Generation   9	[Intvl;	Thrsh;	Mon;	Updt]
  0: 2.552002	[23,	10,	0.339,	 0.704]
  1: 3.107748	[23,	10,	0.339,	 0.704]
  2: 3.890080	[22,	17,	0.339,	 0.704]
  3: 4.359617	[22,	10,	0.339,	 0.704]
  4: 4.471041	[18,	17,	0.339,	 0.704]
  5: 4.513507	[22,	18,	0.339,	 0.704]
  6: 4.705064	[22,	10,	0.339,	 0.704]
  7: 5.006987	[22,	10,	0.999,	 0.881]
  8: 5.511294	[22,	10,	0.999,	 0.881]
  9: 5.617069	[22,	10,	0.339,	 0.704]
 10: 6.930761	[23,	190,	0.294,	 0.380]
 11: 7.059604	[21,	190,	0.294,	 0.380]
 12: 7.389660	[18,	18,	0.339,	 0.704]
 13: 7.426514	[22,	18,	0.999,	 0.881]
 14: 7.532807	[23,	190,	0.378,	 0.416]
 15: 7.690819	[18,	10,	0.339,	 0.704]
 16: 7.769586	[22,	265,	0.378,	 0.416]
 17: 7.878795	[23,	265,	0.378,	 0.416]
 18: 7.942913	[23,	265,	0.378,	 0.416]
 19: 7.945162	[18,	10,	0.999,	 0.881]
 20: 8.039305	[23,	17,	0.999,	 0.881]
 21: 8.182720	[18,	17,	0.339,	 0.704]
 22: 8.269903	[18,	282,	0.294,	 0.380]
 23: 8.273111	[22,	190,	0.294,	 0.380]
 24: 8.287538	[18,	17,	0.999,	 0.881]
 25: 8.433029	[18,	265,	0.577,	 0.403]
 26: 8.450283	[22,	190,	0.294,	 0.380]
 27: 8.495278	[18,	265,	0.294,	 0.380]
 28: 8.820818	[23,	37,	0.205,	 0.846]
 29: 8.950698	[18,	256,	0.378,	 0.416]
 30: 9.108356	[23,	190,	0.378,	 0.416]
 31: 9.113700	[22,	181,	0.294,	 0.380]
 32: 9.185589	[22,	190,	0.294,	 0.380]
 33: 9.324802	[22,	265,	0.378,	 0.416]
 34: 9.446517	[22,	265,	0.294,	 0.380]
 35: 9.478725	[22,	190,	0.294,	 0.380]
 36: 9.665985	[18,	190,	0.378,	 0.416]
 37: 9.808860	[18,	265,	0.294,	 0.380]
 38: 9.859375	[18,	265,	0.294,	 0.380]
 39: 10.082481	[18,	265,	0.294,	 0.380]
 40: 10.136030	[22,	256,	0.378,	 0.416]
 41: 10.149253	[23,	265,	0.378,	 0.416]
 42: 10.270965	[22,	190,	0.378,	 0.416]
 43: 10.582557	[22,	190,	0.294,	 0.380]
 44: 10.636790	[23,	190,	0.378,	 0.416]
 45: 10.793866	[18,	256,	0.294,	 0.380]
 46: 10.914994	[23,	256,	0.294,	 0.380]
 47: 11.502959	[22,	265,	0.294,	 0.380]
 48: 11.607076	[23,	265,	0.294,	 0.380]
 49: 11.609699	[18,	265,	0.294,	 0.380]
 50: 25.052136	[18,	18,	0.294,	 0.380]
 51: 27.001635	[18,	17,	0.294,	 0.380]
 52: 38.417476	[18,	190,	0.339,	 0.704]
 53: 42.981581	[18,	256,	0.339,	 0.704]
 54: 45.279519	[22,	265,	0.999,	 0.881]
 55: 45.558578	[22,	190,	0.339,	 0.704]
 56: 62.869863	[18,	10,	0.577,	 0.403]
 57: 71.001064	[22,	10,	0.378,	 0.416]
 58: 79.637182	[18,	10,	0.294,	 0.380]
 59: 112.641509	[22,	10,	0.294,	 0.380]
 60: 542.657091	[ 4,	0,	0.948,	 0.890]
 61: 630.358993	[ 4,	0,	0.335,	 0.768]
 62: 676.058100	[ 6,	0,	0.701,	 0.965]
 63: 686.205965	[ 6,	0,	0.840,	 0.881]
 64: 996.256403	[ 7,	0,	0.410,	 0.840]
 65: 1622.415417	[ 6,	0,	0.158,	 0.450]
 66: 2007.571056	[ 7,	0,	0.197,	 0.443]
 67: 2197.484465	[ 4,	0,	0.669,	 0.260]
 68: 2867.612956	[ 6,	0,	0.456,	 0.251]
 69: 3311.539660	[ 8,	0,	0.608,	 0.260]
 70: 4167.254216	[11,	1,	0.575,	 0.673]
 71: 4756.441847	[11,	0,	0.597,	 0.867]
 72: 5834.707946	[12,	0,	0.552,	 0.896]
 73: 6137.629148	[10,	0,	0.173,	 0.129]
 74: 6141.204776	[12,	0,	0.201,	 0.776]
 75: 6680.671689	[14,	1,	0.838,	 0.425]
 76: 6735.263739	[14,	0,	0.391,	 0.387]
 77: 6745.463964	[14,	1,	0.323,	 0.479]
 78: 6765.550090	[14,	0,	0.515,	 0.931]
 79: 6894.711099	[16,	1,	0.100,	 0.582]
 80: 6902.383562	[16,	1,	0.506,	 0.536]
 81: 6973.018404	[19,	0,	0.417,	 0.751]
 82: 6980.400694	[13,	0,	0.517,	 0.134]
 83: 6983.945497	[15,	0,	0.259,	 0.621]
 84: 7008.601210	[20,	1,	0.100,	 0.100]
 85: 7009.329185	[17,	1,	0.346,	 0.606]
 86: 7009.765080	[24,	1,	0.156,	 0.555]
 87: 7010.094193	[21,	1,	1.000,	 0.853]
 88: 7021.643997	[22,	1,	0.630,	 0.587]
 89: 7023.669142	[18,	0,	0.488,	 0.806]
 90: 7041.832365	[20,	1,	0.171,	 0.552]
 91: 7043.223841	[21,	1,	0.324,	 0.480]
 92: 7046.901914	[24,	0,	0.408,	 0.364]
 93: 7063.022961	[23,	1,	0.450,	 0.657]
 94: 7064.821656	[24,	1,	0.358,	 0.504]
 95: 7065.894870	[23,	1,	0.696,	 0.581]
 96: 7076.347770	[20,	1,	0.100,	 0.482]
 97: 7076.598036	[22,	1,	0.282,	 0.560]
 98: 7084.000937	[17,	0,	0.339,	 0.549]
 99: 7088.395980	[22,	1,	0.100,	 0.569]
100: 7088.848878	[17,	1,	0.621,	 0.491]
101: 7089.751787	[22,	1,	0.571,	 0.797]
102: 7091.426094	[21,	0,	0.412,	 0.895]
103: 7094.956525	[22,	0,	0.763,	 0.542]
104: 7098.341147	[22,	1,	0.514,	 0.330]
105: 7101.519352	[27,	0,	0.155,	 0.508]
106: 7102.822458	[21,	0,	0.348,	 0.444]
107: 7106.516861	[22,	1,	0.758,	 0.712]
108: 7113.597413	[20,	1,	0.386,	 0.534]
109: 7115.156812	[26,	0,	0.714,	 0.631]
110: 7118.620235	[18,	1,	0.552,	 0.656]
111: 7120.646632	[19,	1,	0.100,	 0.100]
112: 7122.986412	[24,	1,	0.108,	 0.520]
113: 7130.340009	[22,	1,	0.416,	 0.830]
114: 7143.941595	[26,	0,	0.132,	 0.266]
115: 7150.778971	[24,	1,	0.408,	 0.254]
116: 7152.219223	[24,	1,	1.000,	 0.815]
117: 7165.276397	[25,	0,	0.514,	 0.678]
118: 7180.466450	[23,	0,	0.260,	 0.680]
119: 7189.066676	[24,	1,	0.397,	 0.228]
Generation  10	[Intvl;	Thrsh;	Mon;	Updt]
  0: 1.919364	[23,	10,	0.339,	 0.704]
  1: 2.156247	[23,	10,	0.339,	 0.704]
  2: 2.526962	[22,	10,	0.339,	 0.704]
  3: 3.087632	[23,	18,	0.339,	 0.704]
  4: 3.716861	[22,	18,	0.339,	 0.704]
  5: 3.915245	[23,	10,	0.339,	 0.704]
  6: 4.644408	[22,	10,	0.339,	 0.704]
  7: 4.986774	[22,	10,	0.339,	 0.704]
  8: 5.235027	[22,	17,	0.339,	 0.704]
  9: 5.927210	[18,	17,	0.205,	 0.846]
 10: 6.103855	[18,	17,	0.339,	 0.704]
 11: 6.205117	[22,	10,	0.999,	 0.881]
 12: 6.254045	[22,	10,	0.999,	 0.881]
 13: 6.295548	[18,	10,	0.339,	 0.704]
 14: 6.332390	[22,	10,	0.999,	 0.881]
 15: 6.433211	[18,	17,	0.999,	 0.881]
 16: 6.789966	[18,	18,	0.339,	 0.704]
 17: 6.960349	[18,	10,	0.339,	 0.704]
 18: 7.191973	[18,	17,	0.339,	 0.704]
 19: 7.236280	[22,	10,	0.999,	 0.881]
 20: 7.238261	[18,	265,	0.294,	 0.380]
 21: 7.356994	[18,	10,	0.339,	 0.704]
 22: 7.483496	[23,	265,	0.294,	 0.380]
 23: 7.534832	[22,	18,	0.999,	 0.881]
 24: 7.649482	[22,	18,	0.999,	 0.881]
 25: 7.714510	[22,	190,	0.378,	 0.416]
 26: 7.923434	[23,	17,	0.999,	 0.881]
 27: 7.957422	[22,	190,	0.294,	 0.380]
 28: 8.041131	[22,	190,	0.378,	 0.416]
 29: 8.189515	[22,	17,	0.999,	 0.881]
 30: 8.242115	[18,	10,	0.339,	 0.704]
 31: 8.304679	[18,	256,	0.378,	 0.416]
 32: 8.393343	[23,	265,	0.378,	 0.416]
 33: 8.399651	[22,	256,	0.378,	 0.416]
 34: 8.673753	[23,	190,	0.378,	 0.416]
 35: 8.717196	[18,	17,	0.999,	 0.881]
 36: 8.799016	[22,	190,	0.294,	 0.380]
 37: 8.864578	[18,	265,	0.294,	 0.380]
 38: 8.876457	[23,	37,	0.205,	 0.846]
 39: 8.969723	[23,	265,	0.378,	 0.416]
 40: 8.973644	[18,	10,	0.999,	 0.881]
 41: 9.377103	[22,	190,	0.294,	 0.380]
 42: 9.408391	[21,	190,	0.294,	 0.380]
 43: 9.571910	[18,	265,	0.577,	 0.403]
 44: 9.643050	[23,	190,	0.294,	 0.380]
 45: 9.690918	[22,	265,	0.294,	 0.380]
 46: 9.712406	[23,	17,	0.999,	 0.881]
 47: 11.375895	[22,	265,	0.378,	 0.416]
 48: 12.280975	[18,	282,	0.294,	 0.380]
 49: 13.055933	[23,	37,	0.339,	 0.704]
 50: 19.310203	[22,	17,	0.378,	 0.416]
 51: 26.984238	[18,	18,	0.577,	 0.403]
 52: 28.718939	[23,	17,	0.294,	 0.380]
 53: 31.991528	[22,	17,	0.294,	 0.380]
 54: 37.133575	[18,	190,	0.999,	 0.881]
 55: 39.871456	[22,	17,	0.294,	 0.380]
 56: 41.623082	[22,	190,	0.999,	 0.881]
 57: 52.051180	[21,	256,	0.339,	 0.704]
 58: 52.149026	[23,	190,	0.339,	 0.704]
 59: 53.227730	[23,	265,	0.999,	 0.881]
 60: 629.138207	[ 4,	0,	0.312,	 0.911]
 61: 805.854695	[ 5,	0,	0.643,	 0.657]
 62: 881.400837	[ 5,	0,	0.338,	 0.686]
 63: 1014.636815	[ 9,	1,	0.235,	 0.544]
 64: 1243.599794	[ 6,	0,	0.888,	 0.586]
 65: 1412.645469	[ 7,	0,	0.429,	 0.543]
 66: 1550.762890	[ 9,	0,	0.171,	 0.736]
 67: 2054.651080	[ 9,	0,	0.620,	 0.684]
 68: 2555.635725	[ 6,	0,	0.272,	 0.259]
 69: 3881.940824	[10,	0,	0.169,	 0.529]
 70: 3929.828650	[ 5,	0,	0.687,	 0.134]
 71: 4894.649885	[11,	0,	0.258,	 0.993]
 72: 5308.560043	[11,	0,	0.207,	 0.654]
 73: 5416.739771	[11,	0,	0.111,	 0.628]
 74: 5423.870171	[11,	0,	0.468,	 0.830]
 75: 5940.216639	[11,	0,	0.308,	 0.344]
 76: 6216.855206	[12,	1,	1.000,	 0.938]
 77: 6524.561759	[12,	1,	0.101,	 0.100]
 78: 6649.164080	[14,	1,	0.553,	 0.755]
 79: 6776.452975	[14,	1,	0.255,	 0.925]
 80: 6781.191684	[13,	0,	0.672,	 0.512]
 81: 6813.152742	[16,	1,	0.611,	 0.509]
 82: 6846.969582	[14,	0,	0.303,	 0.728]
 83: 6884.156038	[14,	0,	0.593,	 0.761]
 84: 6950.310369	[16,	1,	1.000,	 0.622]
 85: 6997.522701	[17,	1,	0.774,	 0.100]
 86: 7010.395547	[27,	0,	0.823,	 0.668]
 87: 7020.168133	[20,	0,	0.354,	 0.139]
 88: 7027.258846	[19,	0,	0.414,	 0.617]
 89: 7030.395694	[14,	0,	0.269,	 0.395]
 90: 7035.171216	[24,	1,	0.100,	 0.589]
 91: 7049.013100	[22,	0,	0.949,	 0.769]
 92: 7049.605206	[18,	0,	0.487,	 0.443]
 93: 7052.494473	[18,	1,	0.390,	 0.445]
 94: 7053.362038	[19,	1,	0.665,	 1.000]
 95: 7062.507205	[24,	1,	0.465,	 0.949]
 96: 7065.520883	[21,	1,	0.320,	 1.000]
 97: 7066.503003	[24,	1,	0.523,	 0.636]
 98: 7067.433192	[23,	1,	0.113,	 0.472]
 99: 7070.145933	[21,	1,	0.147,	 0.279]
100: 7075.983848	[24,	1,	0.942,	 1.000]
101: 7078.325383	[19,	1,	0.569,	 0.500]
102: 7082.243089	[26,	0,	0.790,	 0.673]
103: 7085.877103	[18,	1,	1.000,	 0.976]
104: 7086.508368	[21,	1,	0.118,	 0.264]
105: 7088.212442	[23,	0,	0.667,	 0.984]
106: 7093.259385	[18,	0,	0.788,	 0.151]
107: 7095.196618	[20,	1,	0.546,	 0.440]
108: 7097.015597	[24,	1,	0.795,	 0.698]
109: 7112.347897	[24,	1,	0.472,	 0.156]
110: 7117.883653	[26,	0,	0.767,	 0.201]
111: 7118.783455	[21,	1,	0.283,	 0.348]
112: 7123.403741	[19,	1,	0.100,	 0.712]
113: 7124.915570	[23,	1,	0.100,	 0.424]
114: 7130.152256	[20,	1,	0.394,	 1.000]
115: 7136.207107	[27,	0,	0.185,	 0.753]
116: 7139.396343	[20,	1,	0.468,	 1.000]
117: 7147.257946	[23,	1,	1.000,	 1.000]
118: 7148.228450	[18,	0,	0.443,	 0.732]
119: 7200.605522	[20,	1,	0.127,	 0.373]
Generation  11	[Intvl;	Thrsh;	Mon;	Updt]
  0: 1.704098	[23,	10,	0.339,	 0.704]
  1: 1.753730	[23,	10,	0.339,	 0.704]
  2: 2.291465	[23,	10,	0.339,	 0.704]
  3: 2.655798	[23,	10,	0.339,	 0.704]
  4: 2.891687	[22,	10,	0.339,	 0.704]
  5: 2.942717	[22,	10,	0.339,	 0.704]
  6: 3.337521	[22,	10,	0.339,	 0.704]
  7: 3.349636	[23,	18,	0.339,	 0.704]
  8: 3.769478	[23,	18,	0.339,	 0.704]
  9: 3.814001	[22,	10,	0.339,	 0.704]
 10: 3.998595	[22,	18,	0.339,	 0.704]
 11: 4.356010	[22,	10,	0.339,	 0.704]
 12: 4.527162	[22,	10,	0.339,	 0.704]
 13: 4.766288	[18,	17,	0.205,	 0.846]
 14: 4.921664	[22,	18,	0.339,	 0.704]
 15: 5.282873	[22,	17,	0.339,	 0.704]
 16: 5.300616	[22,	10,	0.339,	 0.704]
 17: 5.540045	[22,	17,	0.339,	 0.704]
 18: 5.898134	[22,	10,	0.999,	 0.881]
 19: 5.915473	[22,	10,	0.999,	 0.881]
 20: 6.063234	[22,	10,	0.999,	 0.881]
 21: 6.243146	[18,	10,	0.339,	 0.704]
 22: 6.476500	[22,	10,	0.999,	 0.881]
 23: 6.574382	[18,	17,	0.339,	 0.704]
 24: 6.939483	[18,	10,	0.999,	 0.881]
 25: 6.953559	[22,	17,	0.339,	 0.704]
 26: 7.056892	[22,	10,	0.999,	 0.881]
 27: 7.119021	[22,	17,	0.999,	 0.881]
 28: 7.136307	[22,	10,	0.999,	 0.881]
 29: 7.355180	[23,	17,	0.999,	 0.881]
 30: 7.364037	[18,	10,	0.999,	 0.881]
 31: 7.604901	[22,	18,	0.999,	 0.881]
 32: 7.679592	[18,	10,	0.339,	 0.704]
 33: 7.781766	[22,	10,	0.999,	 0.881]
 34: 7.866599	[18,	17,	0.339,	 0.704]
 35: 7.926336	[18,	10,	0.339,	 0.704]
 36: 8.294874	[22,	18,	0.999,	 0.881]
 37: 8.446880	[18,	10,	0.339,	 0.704]
 38: 8.476484	[18,	10,	0.339,	 0.704]
 39: 8.568480	[18,	18,	0.999,	 0.881]
 40: 8.599281	[23,	17,	0.999,	 0.881]
 41: 8.707737	[23,	17,	0.999,	 0.881]
 42: 8.837532	[18,	265,	0.294,	 0.380]
 43: 9.069844	[18,	17,	0.999,	 0.881]
 44: 9.434213	[23,	265,	0.378,	 0.416]
 45: 9.984059	[22,	190,	0.294,	 0.380]
 46: 10.036095	[22,	190,	0.378,	 0.416]
 47: 10.037786	[18,	18,	0.339,	 0.704]
 48: 10.059214	[22,	18,	0.999,	 0.881]
 49: 12.192474	[23,	265,	0.294,	 0.380]
 50: 12.192964	[22,	190,	0.378,	 0.416]
 51: 16.230338	[23,	17,	0.378,	 0.416]
 52: 22.035268	[18,	17,	0.378,	 0.416]
 53: 38.780359	[22,	265,	0.205,	 0.846]
 54: 40.398777	[22,	190,	0.339,	 0.704]
 55: 42.380565	[18,	190,	0.999,	 0.881]
 56: 45.241794	[23,	190,	0.339,	 0.704]
 57: 48.077324	[22,	265,	0.339,	 0.704]
 58: 52.999125	[22,	265,	0.999,	 0.881]
 59: 54.720577	[23,	265,	0.339,	 0.704]
 60: 736.731961	[ 5,	0,	0.384,	 0.824]
 61: 1100.314777	[ 8,	0,	0.810,	 0.891]
 62: 1190.429252	[ 6,	0,	0.881,	 0.847]
 63: 1786.996893	[ 9,	0,	0.836,	 0.771]
 64: 2342.537317	[ 9,	0,	0.166,	 0.514]
 65: 2491.898523	[ 9,	0,	0.607,	 0.577]
 66: 2862.896636	[10,	0,	0.313,	 0.924]
 67: 3007.189560	[ 9,	0,	0.662,	 0.449]
 68: 3173.166694	[ 8,	0,	0.776,	 0.252]
 69: 3208.838900	[10,	0,	0.161,	 0.914]
 70: 4134.695613	[ 6,	0,	0.325,	 0.105]
 71: 5314.047465	[11,	0,	0.743,	 0.559]
 72: 5597.504471	[11,	0,	0.618,	 0.394]
 73: 5744.613892	[11,	0,	0.575,	 0.556]
 74: 5753.108406	[10,	0,	0.437,	 0.162]
 75: 6612.745737	[13,	0,	0.879,	 0.898]
 76: 6652.152492	[15,	1,	0.229,	 0.838]
 77: 6796.580703	[14,	0,	0.538,	 0.828]
 78: 6827.192149	[14,	1,	0.694,	 0.782]
 79: 6872.128642	[15,	1,	0.762,	 0.795]
 80: 6893.179431	[15,	1,	0.100,	 0.437]
 81: 6964.510055	[17,	0,	0.167,	 0.957]
 82: 6989.288301	[20,	0,	0.539,	 0.712]
 83: 6990.989679	[17,	1,	0.100,	 0.979]
 84: 6992.847055	[15,	0,	0.686,	 0.164]
 85: 6996.949380	[17,	1,	0.247,	 0.664]
 86: 6997.915302	[16,	1,	0.242,	 0.455]
 87: 7001.918656	[15,	0,	0.603,	 0.912]
 88: 7004.101380	[16,	0,	0.840,	 0.649]
 89: 7006.889382	[24,	0,	0.700,	 0.285]
 90: 7023.926307	[20,	1,	0.698,	 1.000]
 91: 7027.362734	[23,	1,	0.701,	 0.774]
 92: 7035.620675	[23,	1,	1.000,	 1.000]
 93: 7037.357188	[26,	0,	0.121,	 0.856]
 94: 7037.478370	[19,	1,	0.371,	 0.670]
 95: 7044.940784	[24,	1,	0.625,	 0.946]
 96: 7048.211342	[24,	1,	1.000,	 0.961]
 97: 7049.602286	[22,	1,	0.422,	 0.589]
 98: 7053.928947	[22,	1,	0.122,	 0.652]
 99: 7059.581530	[19,	1,	1.000,	 1.000]
100: 7064.248692	[18,	1,	0.228,	 0.927]
101: 7064.754387	[21,	1,	0.100,	 0.148]
102: 7069.156481	[26,	0,	0.412,	 0.322]
103: 7070.586706	[18,	0,	0.474,	 0.608]
104: 7071.185772	[24,	1,	0.806,	 0.550]
105: 7073.094481	[24,	1,	0.100,	 0.735]
106: 7080.027986	[24,	1,	0.806,	 0.735]
107: 7082.204318	[24,	1,	0.457,	 0.495]
108: 7091.617660	[23,	0,	0.864,	 0.308]
109: 7097.133062	[24,	1,	1.000,	 0.749]
110: 7097.659596	[20,	1,	1.000,	 0.578]
111: 7101.547889	[22,	1,	0.466,	 0.389]
112: 7105.430243	[20,	0,	0.781,	 0.665]
113: 7110.733825	[22,	0,	0.890,	 0.748]
114: 7116.310662	[21,	1,	0.397,	 0.599]
115: 7119.143126	[17,	1,	0.213,	 0.657]
116: 7122.308171	[24,	1,	0.680,	 0.244]
117: 7123.717514	[24,	1,	0.127,	 0.547]
118: 7130.232863	[23,	1,	0.351,	 0.630]
119: 7210.281755	[24,	0,	0.304,	 0.162]
Generation  12	[Intvl;	Thrsh;	Mon;	Updt]
  0: 1.469338	[22,	10,	0.339,	 0.704]
  1: 2.105147	[23,	10,	0.339,	 0.704]
  2: 2.255046	[22,	10,	0.339,	 0.704]
  3: 2.256376	[23,	10,	0.339,	 0.704]
  4: 2.323916	[22,	17,	0.339,	 0.704]
  5: 2.424538	[22,	10,	0.339,	 0.704]
  6: 2.464622	[23,	18,	0.339,	 0.704]
  7: 2.562507	[23,	10,	0.339,	 0.704]
  8: 2.684272	[23,	10,	0.339,	 0.704]
  9: 2.684814	[23,	10,	0.339,	 0.704]
 10: 2.695425	[22,	10,	0.339,	 0.704]
 11: 2.855243	[23,	10,	0.339,	 0.704]
 12: 3.037863	[22,	10,	0.339,	 0.704]
 13: 3.119789	[23,	10,	0.339,	 0.704]
 14: 3.225316	[22,	10,	0.339,	 0.704]
 15: 3.338989	[22,	10,	0.339,	 0.704]
 16: 3.672053	[23,	10,	0.339,	 0.704]
 17: 3.802428	[22,	10,	0.339,	 0.704]
 18: 3.854273	[22,	10,	0.339,	 0.704]
 19: 3.869795	[23,	18,	0.339,	 0.704]
 20: 3.965567	[22,	10,	0.339,	 0.704]
 21: 3.981144	[23,	17,	0.339,	 0.704]
 22: 3.993396	[22,	10,	0.339,	 0.704]
 23: 4.181953	[22,	18,	0.339,	 0.704]
 24: 4.185567	[22,	10,	0.339,	 0.704]
 25: 4.411127	[22,	10,	0.339,	 0.704]
 26: 4.482627	[22,	18,	0.339,	 0.704]
 27: 4.485309	[22,	10,	0.339,	 0.704]
 28: 4.578315	[23,	10,	0.999,	 0.881]
 29: 4.638246	[23,	17,	0.339,	 0.704]
 30: 4.753158	[22,	10,	0.339,	 0.704]
 31: 4.895527	[22,	17,	0.339,	 0.704]
 32: 5.070553	[23,	18,	0.339,	 0.704]
 33: 5.148009	[22,	18,	0.339,	 0.704]
 34: 5.198012	[22,	17,	0.339,	 0.704]
 35: 5.467097	[23,	17,	0.339,	 0.704]
 36: 5.696767	[22,	10,	0.999,	 0.881]
 37: 5.703188	[22,	10,	0.999,	 0.881]
 38: 5.848674	[18,	17,	0.205,	 0.846]
 39: 5.929236	[22,	10,	0.339,	 0.704]
 40: 5.958750	[22,	10,	0.999,	 0.881]
 41: 6.037842	[22,	10,	0.999,	 0.881]
 42: 6.567883	[22,	10,	0.999,	 0.881]
 43: 6.734348	[22,	10,	0.999,	 0.881]
 44: 6.761872	[22,	10,	0.999,	 0.881]
 45: 7.108114	[22,	17,	0.999,	 0.881]
 46: 7.159880	[22,	10,	0.999,	 0.881]
 47: 7.192215	[18,	17,	0.339,	 0.704]
 48: 7.318806	[18,	10,	0.999,	 0.881]
 49: 7.375082	[22,	17,	0.999,	 0.881]
 50: 7.659900	[22,	10,	0.999,	 0.881]
 51: 7.913535	[23,	18,	0.999,	 0.881]
 52: 7.976198	[22,	10,	0.999,	 0.881]
 53: 8.150270	[18,	10,	0.339,	 0.704]
 54: 8.283135	[18,	10,	0.339,	 0.704]
 55: 8.294636	[18,	10,	0.339,	 0.704]
 56: 8.334510	[23,	17,	0.999,	 0.881]
 57: 8.701516	[18,	18,	0.339,	 0.704]
 58: 8.845011	[22,	17,	0.999,	 0.881]
 59: 10.646907	[18,	18,	0.999,	 0.881]
 60: 665.387295	[ 6,	0,	0.958,	 0.891]
 61: 1017.977992	[ 7,	0,	0.525,	 0.632]
 62: 1375.203450	[ 5,	0,	0.246,	 0.437]
 63: 1417.581592	[ 6,	0,	0.128,	 0.487]
 64: 2713.270563	[ 9,	0,	0.530,	 0.563]
 65: 3119.208188	[ 8,	0,	0.440,	 0.269]
 66: 3513.231579	[ 8,	0,	0.307,	 0.275]
 67: 5669.300800	[10,	0,	0.657,	 0.245]
 68: 5933.204483	[11,	0,	0.283,	 0.455]
 69: 6051.013383	[12,	1,	0.718,	 0.821]
 70: 6107.452580	[12,	0,	0.831,	 0.847]
 71: 6174.248428	[12,	0,	0.217,	 0.724]
 72: 6363.943005	[12,	0,	0.826,	 0.311]
 73: 6439.970294	[12,	1,	0.739,	 0.552]
 74: 6820.386786	[15,	1,	0.344,	 0.671]
 75: 6838.020317	[14,	1,	0.690,	 0.770]
 76: 6842.985561	[13,	0,	0.980,	 0.899]
 77: 6846.167592	[16,	1,	0.649,	 0.539]
 78: 6855.280970	[15,	1,	0.262,	 1.000]
 79: 6882.847743	[13,	0,	0.920,	 0.659]
 80: 6904.296360	[15,	1,	0.100,	 0.468]
 81: 6921.308442	[16,	0,	0.271,	 0.583]
 82: 6942.106394	[16,	0,	0.777,	 0.455]
 83: 6955.617669	[24,	1,	0.361,	 0.630]
 84: 6962.688511	[18,	1,	0.181,	 0.543]
 85: 6963.560706	[17,	1,	0.100,	 0.768]
 86: 6972.103780	[20,	1,	0.176,	 0.696]
 87: 6980.860750	[17,	0,	0.751,	 0.341]
 88: 6993.215750	[24,	1,	0.955,	 1.000]
 89: 6993.947738	[18,	0,	0.198,	 0.106]
 90: 7025.150021	[22,	1,	0.399,	 0.654]
 91: 7027.880676	[24,	1,	0.272,	 1.000]
 92: 7050.627831	[20,	0,	0.114,	 0.946]
 93: 7053.436623	[23,	0,	0.918,	 0.798]
 94: 7055.679495	[20,	1,	0.744,	 1.000]
 95: 7057.158583	[22,	1,	0.100,	 0.670]
 96: 7063.409907	[22,	0,	0.568,	 0.874]
 97: 7064.737218	[22,	1,	1.000,	 1.000]
 98: 7071.933998	[23,	0,	0.149,	 0.933]
 99: 7073.342559	[24,	1,	0.290,	 0.758]
100: 7073.854474	[19,	1,	0.372,	 0.778]
101: 7075.108409	[24,	1,	1.000,	 0.675]
102: 7078.622717	[23,	0,	0.309,	 0.906]
103: 7080.661321	[22,	1,	1.000,	 1.000]
104: 7086.869021	[19,	0,	0.210,	 0.746]
105: 7090.165279	[26,	0,	0.876,	 0.723]
106: 7090.594802	[24,	1,	0.511,	 0.487]
107: 7093.196006	[27,	0,	0.614,	 0.138]
108: 7094.633822	[23,	0,	0.121,	 0.592]
109: 7097.160255	[24,	1,	0.865,	 1.000]
110: 7116.972436	[19,	1,	0.948,	 0.677]
111: 7119.568602	[23,	1,	0.559,	 0.715]
112: 7128.278940	[26,	0,	0.189,	 0.343]
113: 7134.203853	[24,	1,	1.000,	 0.912]
114: 7134.485269	[21,	1,	0.161,	 0.674]
115: 7135.831492	[24,	1,	0.252,	 0.521]
116: 7151.517360	[24,	1,	0.317,	 0.585]
117: 7177.857499	[27,	0,	0.460,	 0.930]
118: 7184.927143	[24,	1,	0.201,	 0.665]
119: 7190.009886	[24,	0,	0.307,	 0.530]
Generation  13	[Intvl;	Thrsh;	Mon;	Updt]
  0: 1.132345	[23,	10,	0.339,	 0.704]
  1: 1.242095	[23,	10,	0.339,	 0.704]
  2: 1.275265	[23,	10,	0.339,	 0.704]
  3: 1.283049	[23,	10,	0.339,	 0.704]
  4: 1.434100	[22,	10,	0.339,	 0.704]
  5: 1.535989	[22,	10,	0.339,	 0.704]
  6: 1.857369	[23,	10,	0.339,	 0.704]
  7: 1.938990	[23,	10,	0.339,	 0.704]
  8: 1.971605	[22,	10,	0.339,	 0.704]
  9: 2.012224	[23,	10,	0.339,	 0.704]
 10: 2.052414	[23,	10,	0.339,	 0.704]
 11: 2.129129	[22,	10,	0.339,	 0.704]
 12: 2.205762	[22,	10,	0.339,	 0.704]
 13: 2.237334	[23,	10,	0.339,	 0.704]
 14: 2.322493	[23,	10,	0.339,	 0.704]
 15: 2.438229	[22,	10,	0.339,	 0.704]
 16: 2.451507	[23,	10,	0.339,	 0.704]
 17: 2.487465	[23,	10,	0.339,	 0.704]
 18: 2.542249	[23,	10,	0.339,	 0.704]
 19: 2.543922	[22,	10,	0.339,	 0.704]
 20: 2.658717	[22,	10,	0.339,	 0.704]
 21: 2.667669	[22,	10,	0.339,	 0.704]
 22: 2.693166	[22,	10,	0.339,	 0.704]
 23: 2.850142	[23,	10,	0.339,	 0.704]
 24: 2.916687	[22,	10,	0.339,	 0.704]
 25: 3.039622	[22,	10,	0.339,	 0.704]
 26: 3.134304	[23,	18,	0.339,	 0.704]
 27: 3.166158	[22,	10,	0.339,	 0.704]
 28: 3.321540	[23,	10,	0.339,	 0.704]
 29: 3.359557	[23,	10,	0.339,	 0.704]
 30: 3.400040	[22,	10,	0.339,	 0.704]
 31: 3.459242	[22,	10,	0.339,	 0.704]
 32: 3.462872	[23,	18,	0.339,	 0.704]
 33: 3.466114	[22,	10,	0.339,	 0.704]
 34: 3.500918	[22,	10,	0.339,	 0.704]
 35: 3.568464	[22,	10,	0.339,	 0.704]
 36: 3.579250	[23,	10,	0.339,	 0.704]
 37: 3.602133	[22,	10,	0.339,	 0.704]
 38: 3.643059	[22,	10,	0.339,	 0.704]
 39: 3.744946	[22,	10,	0.339,	 0.704]
 40: 3.957715	[22,	10,	0.339,	 0.704]
 41: 4.023151	[22,	10,	0.339,	 0.704]
 42: 4.025399	[22,	10,	0.339,	 0.704]
 43: 4.123629	[22,	18,	0.339,	 0.704]
 44: 4.128098	[22,	17,	0.339,	 0.704]
 45: 4.207400	[23,	17,	0.339,	 0.704]
 46: 4.247564	[23,	18,	0.339,	 0.704]
 47: 4.357917	[23,	18,	0.339,	 0.704]
 48: 4.574364	[22,	18,	0.339,	 0.704]
 49: 4.621987	[22,	10,	0.339,	 0.704]
 50: 4.709236	[22,	10,	0.339,	 0.704]
 51: 4.738703	[23,	18,	0.339,	 0.704]
 52: 4.958377	[23,	18,	0.339,	 0.704]
 53: 5.323011	[23,	10,	0.999,	 0.881]
 54: 5.336056	[22,	10,	0.339,	 0.704]
 55: 5.487844	[22,	10,	0.339,	 0.704]
 56: 5.507868	[22,	10,	0.339,	 0.704]
 57: 5.712239	[22,	18,	0.339,	 0.704]
 58: 5.799716	[23,	17,	0.339,	 0.704]
 59: 6.691886	[22,	17,	0.339,	 0.704]
 60: 1048.275360	[ 5,	0,	0.679,	 0.629]
 61: 1312.457518	[ 8,	0,	0.911,	 0.932]
 62: 1744.352196	[ 5,	0,	0.778,	 0.451]
 63: 2630.290803	[ 4,	0,	0.305,	 0.271]
 64: 2795.035513	[10,	0,	0.941,	 0.988]
 65: 3353.168913	[ 9,	0,	0.610,	 0.339]
 66: 3582.614954	[ 9,	0,	0.505,	 0.318]
 67: 4015.429522	[10,	0,	0.386,	 0.643]
 68: 4733.938712	[ 8,	0,	0.184,	 0.124]
 69: 5077.611500	[11,	0,	0.948,	 0.691]
 70: 5113.708805	[ 8,	0,	0.920,	 0.104]
 71: 6676.746008	[13,	0,	0.317,	 0.753]
 72: 6824.755127	[14,	0,	0.598,	 0.709]
 73: 6878.197330	[14,	0,	0.366,	 0.730]
 74: 6931.379950	[15,	1,	0.100,	 0.350]
 75: 6935.895801	[17,	0,	0.719,	 0.187]
 76: 6961.054253	[16,	0,	0.466,	 0.539]
 77: 6981.111815	[16,	0,	0.622,	 0.342]
 78: 6992.490917	[16,	1,	0.191,	 0.681]
 79: 6994.464086	[17,	0,	0.898,	 0.116]
 80: 7001.584975	[19,	1,	0.179,	 0.460]
 81: 7002.908092	[16,	0,	0.477,	 0.294]
 82: 7006.277138	[22,	1,	0.154,	 0.929]
 83: 7022.680491	[17,	0,	0.950,	 0.174]
 84: 7033.336816	[18,	1,	0.115,	 0.947]
 85: 7034.142250	[23,	1,	0.308,	 0.897]
 86: 7041.239524	[20,	0,	0.530,	 0.675]
 87: 7043.911259	[22,	1,	0.292,	 0.850]
 88: 7049.605717	[21,	1,	0.316,	 0.969]
 89: 7050.006421	[22,	0,	0.674,	 0.597]
 90: 7051.976567	[22,	1,	0.276,	 0.737]
 91: 7053.453389	[20,	1,	0.218,	 0.577]
 92: 7059.847295	[22,	0,	0.211,	 0.775]
 93: 7061.828424	[24,	1,	0.286,	 0.621]
 94: 7065.194924	[22,	1,	0.174,	 0.786]
 95: 7066.223035	[24,	1,	0.637,	 0.555]
 96: 7066.532133	[21,	1,	0.528,	 0.449]
 97: 7068.121337	[16,	0,	0.847,	 0.705]
 98: 7073.616840	[24,	1,	0.100,	 0.890]
 99: 7077.190403	[21,	1,	0.359,	 1.000]
100: 7078.320161	[23,	1,	0.332,	 0.795]
101: 7081.490081	[18,	1,	0.490,	 0.392]
102: 7082.654304	[22,	0,	0.381,	 0.184]
103: 7087.351279	[23,	1,	0.241,	 0.438]
104: 7091.568755	[24,	1,	0.441,	 0.931]
105: 7094.407101	[25,	0,	0.862,	 0.382]
106: 7105.034688	[25,	0,	0.729,	 0.857]
107: 7112.192930	[19,	1,	0.173,	 0.404]
108: 7117.039176	[26,	0,	0.986,	 0.449]
109: 7118.987732	[22,	0,	0.632,	 0.702]
110: 7126.894769	[24,	1,	0.204,	 0.837]
111: 7137.858580	[22,	1,	0.708,	 1.000]
112: 7170.033601	[22,	1,	0.255,	 0.813]
113: 7176.815679	[24,	1,	0.100,	 0.944]
114: 7179.467009	[24,	1,	0.557,	 0.582]
115: 7184.555958	[23,	1,	0.100,	 0.529]
116: 7207.988911	[23,	1,	0.753,	 0.599]
117: 7216.038709	[22,	1,	0.204,	 0.469]
118: 7220.697491	[24,	1,	1.000,	 0.845]
119: 7233.591491	[16,	0,	0.467,	 0.645]
Generation  14	[Intvl;	Thrsh;	Mon;	Updt]
  0: 1.119840	[23,	10,	0.339,	 0.704]
  1: 1.253692	[23,	10,	0.339,	 0.704]
  2: 1.308015	[23,	10,	0.339,	 0.704]
  3: 1.394553	[23,	10,	0.339,	 0.704]
  4: 1.451702	[23,	10,	0.339,	 0.704]
  5: 1.519579	[23,	10,	0.339,	 0.704]
  6: 1.563235	[23,	10,	0.339,	 0.704]
  7: 1.623455	[23,	10,	0.339,	 0.704]
  8: 1.790184	[23,	10,	0.339,	 0.704]
  9: 1.818535	[23,	10,	0.339,	 0.704]
 10: 1.872555	[23,	10,	0.339,	 0.704]
 11: 1.886819	[23,	10,	0.339,	 0.704]
 12: 1.896763	[23,	10,	0.339,	 0.704]
 13: 1.937320	[23,	10,	0.339,	 0.704]
 14: 1.996629	[22,	10,	0.339,	 0.704]
 15: 2.031249	[23,	10,	0.339,	 0.704]
 16: 2.072140	[22,	10,	0.339,	 0.704]
 17: 2.102284	[23,	10,	0.339,	 0.704]
 18: 2.171190	[23,	10,	0.339,	 0.704]
 19: 2.214060	[23,	10,	0.339,	 0.704]
 20: 2.251687	[23,	10,	0.339,	 0.704]
 21: 2.282252	[22,	10,	0.339,	 0.704]
 22: 2.305407	[23,	10,	0.339,	 0.704]
 23: 2.355856	[23,	10,	0.339,	 0.704]
 24: 2.375708	[23,	10,	0.339,	 0.704]
 25: 2.489225	[22,	10,	0.339,	 0.704]
 26: 2.492523	[22,	10,	0.339,	 0.704]
 27: 2.607382	[23,	10,	0.339,	 0.704]
 28: 2.619394	[23,	10,	0.339,	 0.704]
 29: 2.621277	[23,	10,	0.339,	 0.704]
 30: 2.624632	[23,	10,	0.339,	 0.704]
 31: 2.757171	[22,	10,	0.339,	 0.704]
 32: 2.767892	[23,	10,	0.339,	 0.704]
 33: 2.793658	[23,	10,	0.339,	 0.704]
 34: 2.812191	[22,	10,	0.339,	 0.704]
 35: 2.845007	[22,	10,	0.339,	 0.704]
 36: 2.882827	[23,	10,	0.339,	 0.704]
 37: 3.004556	[22,	10,	0.339,	 0.704]
 38: 3.114198	[22,	10,	0.339,	 0.704]
 39: 3.134166	[23,	10,	0.339,	 0.704]
 40: 3.142339	[23,	18,	0.339,	 0.704]
 41: 3.147183	[22,	10,	0.339,	 0.704]
 42: 3.155597	[22,	10,	0.339,	 0.704]
 43: 3.165225	[23,	10,	0.339,	 0.704]
 44: 3.167198	[23,	10,	0.339,	 0.704]
 45: 3.187959	[23,	10,	0.339,	 0.704]
 46: 3.223794	[22,	10,	0.339,	 0.704]
 47: 3.233720	[23,	10,	0.339,	 0.704]
 48: 3.240144	[23,	10,	0.339,	 0.704]
 49: 3.291265	[23,	10,	0.339,	 0.704]
 50: 3.399337	[22,	10,	0.339,	 0.704]
 51: 3.673352	[22,	10,	0.339,	 0.704]
 52: 3.915144	[22,	10,	0.339,	 0.704]
 53: 4.047835	[22,	10,	0.339,	 0.704]
 54: 4.127866	[22,	10,	0.339,	 0.704]
 55: 4.165959	[22,	10,	0.339,	 0.704]
 56: 4.337640	[23,	18,	0.339,	 0.704]
 57: 4.654128	[22,	10,	0.339,	 0.704]
 58: 4.726142	[22,	10,	0.339,	 0.704]
 59: 4.818413	[22,	10,	0.339,	 0.704]
 60: 416.421775	[ 5,	0,	0.271,	 0.987]
 61: 843.312946	[ 5,	0,	0.284,	 0.658]
 62: 1309.045451	[ 6,	0,	0.491,	 0.629]
 63: 1490.232437	[ 8,	0,	0.365,	 0.699]
 64: 3275.445887	[ 9,	0,	0.928,	 0.313]
 65: 3985.374144	[10,	0,	0.533,	 0.659]
 66: 5567.313159	[11,	0,	0.220,	 0.399]
 67: 5952.032224	[12,	1,	0.518,	 0.533]
 68: 6386.177978	[12,	0,	0.323,	 0.363]
 69: 6516.440561	[14,	1,	0.549,	 0.753]
 70: 6555.527228	[12,	0,	0.169,	 0.159]
 71: 6593.529844	[13,	0,	0.377,	 0.795]
 72: 6605.843188	[12,	0,	0.982,	 0.278]
 73: 6643.033037	[12,	0,	0.794,	 0.304]
 74: 6701.104424	[15,	1,	0.709,	 0.638]
 75: 6743.820816	[13,	0,	0.473,	 0.722]
 76: 6857.030388	[16,	0,	0.576,	 0.257]
 77: 6858.086511	[15,	0,	0.372,	 0.886]
 78: 6885.287795	[15,	1,	0.402,	 0.710]
 79: 6886.282828	[14,	0,	0.649,	 0.902]
 80: 6946.972882	[16,	0,	0.148,	 0.914]
 81: 6951.560339	[16,	1,	0.280,	 0.791]
 82: 6989.138704	[17,	1,	0.531,	 0.618]
 83: 6989.732278	[18,	0,	0.422,	 0.749]
 84: 7004.575318	[17,	1,	0.286,	 0.840]
 85: 7007.268672	[15,	0,	0.949,	 0.385]
 86: 7024.164589	[22,	1,	0.626,	 0.584]
 87: 7028.962112	[22,	1,	0.266,	 0.512]
 88: 7029.622877	[19,	0,	0.481,	 0.748]
 89: 7041.026867	[24,	1,	0.548,	 0.677]
 90: 7045.163510	[18,	1,	0.301,	 0.216]
 91: 7045.795690	[21,	1,	0.271,	 0.344]
 92: 7052.015049	[17,	0,	0.199,	 0.736]
 93: 7053.364204	[19,	1,	0.352,	 0.554]
 94: 7056.153696	[24,	1,	0.622,	 0.636]
 95: 7056.886263	[20,	1,	0.256,	 0.539]
 96: 7063.346950	[24,	1,	0.155,	 0.702]
 97: 7064.291832	[24,	1,	0.358,	 0.725]
 98: 7065.750928	[21,	1,	0.100,	 0.983]
 99: 7066.208866	[15,	0,	0.821,	 0.331]
100: 7068.152047	[26,	0,	0.235,	 0.327]
101: 7070.492812	[27,	0,	0.755,	 0.857]
102: 7071.756756	[20,	1,	0.491,	 0.554]
103: 7077.807259	[22,	1,	0.597,	 0.740]
104: 7078.391490	[24,	1,	0.254,	 0.617]
105: 7082.626629	[24,	1,	0.420,	 0.650]
106: 7098.212209	[21,	0,	0.380,	 0.697]
107: 7098.766021	[22,	1,	1.000,	 0.874]
108: 7104.872191	[24,	1,	0.642,	 0.585]
109: 7107.277302	[23,	1,	0.393,	 1.000]
110: 7119.428273	[24,	1,	0.442,	 0.828]
111: 7128.645053	[24,	1,	0.319,	 0.606]
112: 7133.239331	[19,	0,	0.935,	 0.267]
113: 7137.542205	[24,	1,	0.169,	 0.481]
114: 7141.724008	[24,	1,	0.277,	 0.460]
115: 7151.526213	[19,	0,	0.717,	 0.486]
116: 7180.249254	[19,	0,	0.893,	 0.156]
117: 7191.128504	[22,	0,	0.241,	 0.509]
118: 7224.297199	[22,	0,	0.494,	 0.626]
119: 7264.166785	[24,	1,	0.331,	 0.843]
Generation  15	[Intvl;	Thrsh;	Mon;	Updt]
  0: 1.052140	[23,	10,	0.339,	 0.704]
  1: 1.101007	[23,	10,	0.339,	 0.704]
  2: 1.136280	[23,	10,	0.339,	 0.704]
  3: 1.346774	[23,	10,	0.339,	 0.704]
  4: 1.442069	[23,	10,	0.339,	 0.704]
  5: 1.522800	[23,	10,	0.339,	 0.704]
  6: 1.550272	[23,	10,	0.339,	 0.704]
  7: 1.599860	[23,	10,	0.339,	 0.704]
  8: 1.685065	[23,	10,	0.339,	 0.704]
  9: 1.859107	[23,	10,	0.339,	 0.704]
 10: 1.892274	[23,	10,	0.339,	 0.704]
 11: 1.907127	[23,	10,	0.339,	 0.704]
 12: 1.942903	[23,	10,	0.339,	 0.704]
 13: 1.949913	[22,	10,	0.339,	 0.704]
 14: 1.979076	[23,	10,	0.339,	 0.704]
 15: 2.005535	[23,	10,	0.339,	 0.704]
 16: 2.013155	[23,	10,	0.339,	 0.704]
 17: 2.068934	[23,	10,	0.339,	 0.704]
 18: 2.100517	[23,	10,	0.339,	 0.704]
 19: 2.148270	[23,	10,	0.339,	 0.704]
 20: 2.150339	[23,	10,	0.339,	 0.704]
 21: 2.207179	[23,	10,	0.339,	 0.704]
 22: 2.216604	[23,	10,	0.339,	 0.704]
 23: 2.247262	[23,	10,	0.339,	 0.704]
 24: 2.271790	[23,	10,	0.339,	 0.704]
 25: 2.373189	[23,	10,	0.339,	 0.704]
 26: 2.400872	[23,	10,	0.339,	 0.704]
 27: 2.403228	[23,	10,	0.339,	 0.704]
 28: 2.441009	[23,	10,	0.339,	 0.704]
 29: 2.451593	[23,	10,	0.339,	 0.704]
 30: 2.528881	[23,	10,	0.339,	 0.704]
 31: 2.535712	[23,	10,	0.339,	 0.704]
 32: 2.646848	[23,	10,	0.339,	 0.704]
 33: 2.691597	[23,	10,	0.339,	 0.704]
 34: 2.713732	[23,	10,	0.339,	 0.704]
 35: 2.798194	[23,	10,	0.339,	 0.704]
 36: 2.806268	[23,	10,	0.339,	 0.704]
 37: 2.807373	[23,	10,	0.339,	 0.704]
 38: 2.818049	[23,	10,	0.339,	 0.704]
 39: 2.873876	[23,	10,	0.339,	 0.704]
 40: 2.875188	[23,	10,	0.339,	 0.704]
 41: 2.891395	[23,	10,	0.339,	 0.704]
 42: 2.904481	[23,	10,	0.339,	 0.704]
 43: 2.906649	[23,	10,	0.339,	 0.704]
 44: 2.907964	[23,	10,	0.339,	 0.704]
 45: 2.940563	[23,	10,	0.339,	 0.704]
 46: 2.943438	[23,	10,	0.339,	 0.704]
 47: 2.960266	[22,	10,	0.339,	 0.704]
 48: 2.972440	[23,	10,	0.339,	 0.704]
 49: 3.014164	[23,	10,	0.339,	 0.704]
 50: 3.032273	[22,	10,	0.339,	 0.704]
 51: 3.092319	[23,	10,	0.339,	 0.704]
 52: 3.278395	[22,	10,	0.339,	 0.704]
 53: 3.353371	[23,	10,	0.339,	 0.704]
 54: 3.355397	[23,	10,	0.339,	 0.704]
 55: 3.391319	[23,	10,	0.339,	 0.704]
 56: 3.639909	[22,	10,	0.339,	 0.704]
 57: 3.713184	[23,	10,	0.339,	 0.704]
 58: 3.863804	[23,	10,	0.339,	 0.704]
 59: 3.911520	[22,	10,	0.339,	 0.704]
 60: 381.994822	[ 4,	0,	0.606,	 0.896]
 61: 918.979659	[ 5,	0,	0.317,	 0.669]
 62: 2923.979264	[ 7,	0,	0.647,	 0.289]
 63: 3132.004322	[ 8,	0,	0.926,	 0.223]
 64: 6058.032034	[12,	0,	0.208,	 0.689]
 65: 6384.262368	[12,	0,	0.134,	 0.638]
 66: 6783.401309	[15,	1,	0.518,	 0.947]
 67: 6816.364732	[15,	1,	0.241,	 0.889]
 68: 6917.005513	[21,	1,	0.541,	 0.544]
 69: 6918.838381	[21,	1,	0.249,	 0.333]
 70: 6923.163622	[14,	0,	0.539,	 0.504]
 71: 6962.206729	[15,	0,	0.977,	 0.373]
 72: 6964.661451	[13,	0,	0.955,	 0.928]
 73: 6968.632941	[15,	0,	0.159,	 0.289]
 74: 6980.651210	[16,	0,	0.925,	 0.841]
 75: 6996.101655	[17,	0,	0.198,	 0.452]
 76: 7000.291649	[18,	0,	0.779,	 0.421]
 77: 7006.648030	[23,	1,	0.132,	 0.929]
 78: 7016.363811	[19,	1,	0.395,	 0.564]
 79: 7017.039545	[17,	0,	0.942,	 0.583]
 80: 7032.740906	[16,	0,	0.665,	 0.612]
 81: 7037.940684	[21,	1,	0.607,	 0.597]
 82: 7038.819639	[17,	0,	0.599,	 0.345]
 83: 7041.046954	[24,	1,	0.442,	 0.763]
 84: 7044.146112	[20,	0,	0.859,	 0.597]
 85: 7046.660755	[17,	0,	0.453,	 0.103]
 86: 7048.509182	[21,	1,	0.523,	 0.568]
 87: 7063.609015	[22,	1,	0.282,	 0.574]
 88: 7067.385881	[24,	1,	0.100,	 0.787]
 89: 7067.777135	[21,	1,	0.283,	 0.534]
 90: 7068.379933	[21,	1,	0.604,	 0.719]
 91: 7069.511376	[20,	0,	0.697,	 0.228]
 92: 7070.144570	[17,	1,	0.336,	 0.820]
 93: 7070.793900	[23,	1,	0.809,	 0.477]
 94: 7071.454965	[23,	1,	0.100,	 0.550]
 95: 7072.035975	[21,	1,	0.303,	 0.667]
 96: 7073.811237	[25,	0,	0.931,	 0.983]
 97: 7074.560187	[24,	1,	0.219,	 0.604]
 98: 7075.967828	[24,	1,	0.158,	 0.694]
 99: 7081.883906	[20,	1,	0.658,	 0.471]
100: 7083.528084	[24,	1,	0.130,	 0.667]
101: 7091.029895	[23,	0,	0.859,	 0.196]
102: 7102.246766	[21,	1,	0.299,	 0.675]
103: 7106.075637	[21,	0,	0.627,	 0.885]
104: 7106.168975	[24,	1,	0.408,	 0.740]
105: 7108.607031	[20,	0,	0.318,	 0.317]
106: 7112.798810	[27,	0,	0.206,	 0.190]
107: 7113.072561	[24,	1,	0.116,	 0.271]
108: 7113.404743	[21,	1,	0.172,	 0.920]
109: 7117.394004	[20,	0,	0.986,	 0.736]
110: 7124.497943	[24,	1,	0.122,	 0.939]
111: 7134.514880	[17,	0,	0.497,	 0.330]
112: 7145.348031	[24,	1,	0.445,	 0.881]
113: 7150.344522	[24,	1,	0.207,	 0.773]
114: 7156.486406	[24,	1,	0.235,	 0.804]
115: 7164.213655	[21,	0,	0.179,	 0.321]
116: 7169.668837	[25,	0,	0.693,	 0.952]
117: 7184.961213	[19,	0,	0.306,	 0.417]
118: 7205.258035	[24,	0,	0.435,	 0.537]
119: 7207.374749	[24,	1,	0.559,	 1.000]
Generation  16	[Intvl;	Thrsh;	Mon;	Updt]
  0: 0.906759	[23,	10,	0.339,	 0.704]
  1: 1.001772	[23,	10,	0.339,	 0.704]
  2: 1.267347	[23,	10,	0.339,	 0.704]
  3: 1.335485	[23,	10,	0.339,	 0.704]
  4: 1.348172	[23,	10,	0.339,	 0.704]
  5: 1.351870	[23,	10,	0.339,	 0.704]
  6: 1.374697	[23,	10,	0.339,	 0.704]
  7: 1.404143	[23,	10,	0.339,	 0.704]
  8: 1.424588	[23,	10,	0.339,	 0.704]
  9: 1.562802	[23,	10,	0.339,	 0.704]
 10: 1.590028	[23,	10,	0.339,	 0.704]
 11: 1.615452	[23,	10,	0.339,	 0.704]
 12: 1.666491	[23,	10,	0.339,	 0.704]
 13: 1.683357	[23,	10,	0.339,	 0.704]
 14: 1.788790	[23,	10,	0.339,	 0.704]
 15: 1.791520	[23,	10,	0.339,	 0.704]
 16: 1.812818	[23,	10,	0.339,	 0.704]
 17: 1.906825	[23,	10,	0.339,	 0.704]
 18: 1.921046	[23,	10,	0.339,	 0.704]
 19: 1.945523	[23,	10,	0.339,	 0.704]
 20: 1.962393	[23,	10,	0.339,	 0.704]
 21: 1.999345	[23,	10,	0.339,	 0.704]
 22: 2.033274	[23,	10,	0.339,	 0.704]
 23: 2.071199	[23,	10,	0.339,	 0.704]
 24: 2.074346	[23,	10,	0.339,	 0.704]
 25: 2.099273	[23,	10,	0.339,	 0.704]
 26: 2.274814	[23,	10,	0.339,	 0.704]
 27: 2.291325	[23,	10,	0.339,	 0.704]
 28: 2.324523	[23,	10,	0.339,	 0.704]
 29: 2.418023	[23,	10,	0.339,	 0.704]
 30: 2.419316	[23,	10,	0.339,	 0.704]
 31: 2.434501	[23,	10,	0.339,	 0.704]
 32: 2.435008	[23,	10,	0.339,	 0.704]
 33: 2.447346	[23,	10,	0.339,	 0.704]
 34: 2.447955	[23,	10,	0.339,	 0.704]
 35: 2.448760	[23,	10,	0.339,	 0.704]
 36: 2.461705	[23,	10,	0.339,	 0.704]
 37: 2.468530	[23,	10,	0.339,	 0.704]
 38: 2.491521	[23,	10,	0.339,	 0.704]
 39: 2.574959	[23,	10,	0.339,	 0.704]
 40: 2.589266	[23,	10,	0.339,	 0.704]
 41: 2.598505	[23,	10,	0.339,	 0.704]
 42: 2.624859	[23,	10,	0.339,	 0.704]
 43: 2.641607	[23,	10,	0.339,	 0.704]
 44: 2.744622	[23,	10,	0.339,	 0.704]
 45: 2.752528	[23,	10,	0.339,	 0.704]
 46: 2.753251	[23,	10,	0.339,	 0.704]
 47: 2.804683	[23,	10,	0.339,	 0.704]
 48: 2.822718	[23,	10,	0.339,	 0.704]
 49: 2.830610	[22,	10,	0.339,	 0.704]
 50: 2.946297	[23,	10,	0.339,	 0.704]
 51: 2.954407	[23,	10,	0.339,	 0.704]
 52: 2.996150	[23,	10,	0.339,	 0.704]
 53: 3.031015	[23,	10,	0.339,	 0.704]
 54: 3.110949	[22,	10,	0.339,	 0.704]
 55: 3.141849	[23,	10,	0.339,	 0.704]
 56: 3.153441	[23,	10,	0.339,	 0.704]
 57: 3.200169	[23,	10,	0.339,	 0.704]
 58: 3.494721	[23,	10,	0.339,	 0.704]
 59: 3.660007	[23,	10,	0.339,	 0.704]
 60: 755.014930	[ 7,	0,	0.961,	 0.776]
 61: 895.003141	[ 4,	0,	0.594,	 0.582]
 62: 1880.726242	[ 7,	0,	0.286,	 0.427]
 63: 2207.328800	[ 8,	0,	0.107,	 0.435]
 64: 4635.746318	[ 6,	0,	0.505,	 0.106]
 65: 5749.895717	[11,	0,	0.510,	 0.522]
 66: 6110.062889	[12,	0,	0.298,	 0.526]
 67: 6591.413710	[13,	0,	0.894,	 0.564]
 68: 6610.251035	[13,	1,	0.100,	 1.000]
 69: 6611.991586	[12,	0,	0.431,	 0.176]
 70: 6718.073826	[12,	0,	0.968,	 0.110]
 71: 6772.530236	[12,	0,	0.352,	 0.259]
 72: 6784.885610	[14,	1,	0.100,	 0.615]
 73: 6799.492070	[15,	1,	0.414,	 0.760]
 74: 6863.270350	[13,	0,	0.597,	 0.293]
 75: 6868.384630	[15,	1,	0.415,	 0.626]
 76: 6900.403077	[15,	0,	0.776,	 0.308]
 77: 6922.371244	[18,	1,	0.348,	 0.690]
 78: 6926.928448	[20,	1,	0.556,	 0.915]
 79: 6964.300805	[21,	0,	0.957,	 0.910]
 80: 6982.655881	[21,	0,	0.859,	 0.679]
 81: 6984.423659	[17,	1,	0.363,	 0.864]
 82: 6986.366335	[18,	1,	0.669,	 0.824]
 83: 6992.808765	[23,	1,	0.464,	 0.715]
 84: 7015.765485	[20,	0,	0.194,	 0.983]
 85: 7020.927302	[16,	0,	0.614,	 0.702]
 86: 7021.184975	[18,	1,	0.386,	 0.922]
 87: 7021.664793	[17,	1,	0.512,	 0.585]
 88: 7023.832233	[19,	0,	0.406,	 0.471]
 89: 7051.653159	[18,	1,	0.236,	 0.560]
 90: 7059.258481	[24,	1,	0.481,	 0.719]
 91: 7060.978573	[16,	0,	0.905,	 0.183]
 92: 7064.964132	[21,	1,	0.277,	 0.851]
 93: 7065.039544	[22,	0,	0.954,	 0.514]
 94: 7068.417974	[24,	0,	0.985,	 0.185]
 95: 7069.877940	[22,	1,	0.462,	 0.632]
 96: 7070.328736	[17,	0,	0.868,	 0.493]
 97: 7072.293192	[23,	0,	0.990,	 0.793]
 98: 7075.011830	[26,	0,	0.425,	 0.103]
 99: 7076.283510	[16,	0,	0.196,	 0.277]
100: 7077.448248	[24,	1,	0.530,	 0.710]
101: 7080.443706	[23,	1,	0.303,	 0.934]
102: 7082.794501	[24,	1,	0.149,	 1.000]
103: 7083.617120	[19,	0,	0.702,	 0.892]
104: 7086.089942	[24,	1,	0.828,	 0.759]
105: 7090.143807	[24,	1,	0.269,	 0.850]
106: 7090.932688	[24,	0,	0.387,	 0.830]
107: 7094.858108	[24,	1,	0.199,	 0.585]
108: 7097.706003	[24,	1,	0.348,	 0.676]
109: 7104.379377	[24,	1,	0.398,	 0.845]
110: 7112.405294	[24,	1,	0.153,	 0.941]
111: 7117.632179	[24,	1,	0.572,	 0.849]
112: 7119.575366	[27,	0,	0.612,	 0.302]
113: 7124.396476	[24,	1,	0.671,	 0.615]
114: 7133.686106	[20,	1,	0.278,	 0.623]
115: 7145.340002	[24,	1,	0.575,	 0.446]
116: 7146.465401	[21,	0,	0.265,	 0.479]
117: 7157.192037	[24,	1,	0.463,	 0.896]
118: 7160.082420	[21,	0,	0.876,	 0.375]
119: 7182.337624	[24,	1,	0.266,	 0.519]
Generation  17	[Intvl;	Thrsh;	Mon;	Updt]
  0: 0.349012	[23,	10,	0.339,	 0.704]
  1: 1.115832	[23,	10,	0.339,	 0.704]
  2: 1.308909	[23,	10,	0.339,	 0.704]
  3: 1.325349	[23,	10,	0.339,	 0.704]
  4: 1.339849	[23,	10,	0.339,	 0.704]
  5: 1.361375	[23,	10,	0.339,	 0.704]
  6: 1.396770	[23,	10,	0.339,	 0.704]
  7: 1.438374	[23,	10,	0.339,	 0.704]
  8: 1.571150	[23,	10,	0.339,	 0.704]
  9: 1.630128	[23,	10,	0.339,	 0.704]
 10: 1.658751	[23,	10,	0.339,	 0.704]
 11: 1.659187	[23,	10,	0.339,	 0.704]
 12: 1.716430	[23,	10,	0.339,	 0.704]
 13: 1.721518	[23,	10,	0.339,	 0.704]
 14: 1.723162	[23,	10,	0.339,	 0.704]
 15: 1.797278	[23,	10,	0.339,	 0.704]
 16: 1.862941	[23,	10,	0.339,	 0.704]
 17: 1.867872	[23,	10,	0.339,	 0.704]
 18: 1.887819	[23,	10,	0.339,	 0.704]
 19: 1.952931	[23,	10,	0.339,	 0.704]
 20: 1.959856	[23,	10,	0.339,	 0.704]
 21: 1.998780	[23,	10,	0.339,	 0.704]
 22: 2.070514	[23,	10,	0.339,	 0.704]
 23: 2.158942	[23,	10,	0.339,	 0.704]
 24: 2.193850	[23,	10,	0.339,	 0.704]
 25: 2.194339	[23,	10,	0.339,	 0.704]
 26: 2.194615	[23,	10,	0.339,	 0.704]
 27: 2.204114	[23,	10,	0.339,	 0.704]
 28: 2.235654	[23,	10,	0.339,	 0.704]
 29: 2.244648	[23,	10,	0.339,	 0.704]
 30: 2.281681	[23,	10,	0.339,	 0.704]
 31: 2.367118	[23,	10,	0.339,	 0.704]
 32: 2.378246	[23,	10,	0.339,	 0.704]
 33: 2.386841	[23,	10,	0.339,	 0.704]
 34: 2.399878	[23,	10,	0.339,	 0.704]
 35: 2.431150	[23,	10,	0.339,	 0.704]
 36: 2.493261	[23,	10,	0.339,	 0.704]
 37: 2.601097	[23,	10,	0.339,	 0.704]
 38: 2.610596	[23,	10,	0.339,	 0.704]
 39: 2.613607	[23,	10,	0.339,	 0.704]
 40: 2.640126	[23,	10,	0.339,	 0.704]
 41: 2.641584	[23,	10,	0.339,	 0.704]
 42: 2.688793	[23,	10,	0.339,	 0.704]
 43: 2.746773	[23,	10,	0.339,	 0.704]
 44: 2.755410	[23,	10,	0.339,	 0.704]
 45: 2.795006	[23,	10,	0.339,	 0.704]
 46: 2.891330	[23,	10,	0.339,	 0.704]
 47: 2.956356	[23,	10,	0.339,	 0.704]
 48: 2.996051	[23,	10,	0.339,	 0.704]
 49: 3.037529	[23,	10,	0.339,	 0.704]
 50: 3.104529	[23,	10,	0.339,	 0.704]
 51: 3.153419	[23,	10,	0.339,	 0.704]
 52: 3.329397	[23,	10,	0.339,	 0.704]
 53: 3.432061	[23,	10,	0.339,	 0.704]
 54: 3.869572	[23,	10,	0.339,	 0.704]
 55: 4.037344	[23,	10,	0.339,	 0.704]
 56: 4.038196	[23,	10,	0.339,	 0.704]
 57: 4.103668	[23,	10,	0.339,	 0.704]
 58: 4.152237	[23,	10,	0.339,	 0.704]
 59: 4.391829	[23,	10,	0.339,	 0.704]
 60: 952.197012	[ 6,	0,	0.549,	 0.722]
 61: 1328.812869	[ 4,	0,	0.653,	 0.445]
 62: 2001.971431	[ 8,	0,	0.443,	 0.620]
 63: 2487.207721	[ 8,	0,	0.704,	 0.368]
 64: 2771.756401	[ 4,	0,	0.140,	 0.200]
 65: 5796.871881	[11,	0,	0.272,	 0.298]
 66: 6243.814492	[12,	0,	0.278,	 0.936]
 67: 6542.507591	[12,	0,	0.536,	 0.139]
 68: 6675.052941	[15,	1,	0.316,	 0.725]
 69: 6897.518318	[18,	1,	0.450,	 0.780]
 70: 6976.449433	[16,	0,	0.126,	 0.796]
 71: 6983.793025	[15,	0,	0.776,	 0.962]
 72: 7004.391738	[21,	0,	0.747,	 0.631]
 73: 7005.828614	[21,	1,	0.567,	 0.716]
 74: 7007.061736	[21,	0,	0.323,	 0.896]
 75: 7021.794797	[20,	1,	0.137,	 0.776]
 76: 7024.271515	[23,	0,	0.949,	 0.974]
 77: 7029.039763	[20,	0,	0.187,	 0.600]
 78: 7030.123114	[24,	0,	0.164,	 0.756]
 79: 7031.419390	[22,	1,	0.600,	 0.531]
 80: 7034.448494	[24,	1,	0.546,	 0.672]
 81: 7045.801056	[22,	1,	0.142,	 0.842]
 82: 7049.346779	[19,	1,	0.344,	 0.691]
 83: 7056.828049	[17,	0,	0.242,	 0.601]
 84: 7061.014111	[26,	0,	0.260,	 0.384]
 85: 7065.420889	[24,	1,	0.433,	 0.634]
 86: 7068.595623	[24,	1,	0.100,	 0.667]
 87: 7069.123640	[23,	1,	0.742,	 0.756]
 88: 7071.453504	[19,	1,	0.426,	 0.815]
 89: 7072.552573	[24,	1,	0.200,	 0.433]
 90: 7078.763596	[24,	1,	0.350,	 0.872]
 91: 7080.352771	[21,	1,	0.292,	 0.860]
 92: 7080.748429	[22,	0,	0.586,	 0.256]
 93: 7080.933863	[19,	0,	0.139,	 0.816]
 94: 7082.627906	[24,	1,	0.236,	 0.550]
 95: 7084.134294	[17,	1,	0.169,	 0.748]
 96: 7084.598847	[23,	1,	0.373,	 0.804]
 97: 7086.410196	[24,	1,	0.342,	 0.453]
 98: 7089.657775	[24,	0,	0.574,	 0.547]
 99: 7090.577538	[21,	1,	0.260,	 0.991]
100: 7092.117606	[24,	1,	0.360,	 0.600]
101: 7094.201432	[21,	1,	0.182,	 0.477]
102: 7097.675113	[24,	1,	0.128,	 0.678]
103: 7099.670902	[19,	0,	0.454,	 0.178]
104: 7101.497557	[23,	0,	0.977,	 0.102]
105: 7106.690280	[19,	1,	0.582,	 0.518]
106: 7115.911610	[20,	0,	0.809,	 0.609]
107: 7115.959574	[24,	0,	0.220,	 0.742]
108: 7117.436857	[23,	0,	0.455,	 0.887]
109: 7118.563758	[27,	0,	0.200,	 0.632]
110: 7126.419456	[19,	1,	0.355,	 0.620]
111: 7132.865943	[24,	1,	0.529,	 0.830]
112: 7136.519107	[24,	0,	0.428,	 0.547]
113: 7151.922439	[25,	0,	0.824,	 0.233]
114: 7161.619931	[24,	1,	0.604,	 0.511]
115: 7163.355010	[18,	1,	0.337,	 0.621]
116: 7167.937505	[24,	1,	0.340,	 0.955]
117: 7175.279786	[22,	0,	0.303,	 0.733]
118: 7181.164588	[23,	0,	0.612,	 0.556]
119: 7197.618323	[23,	1,	0.475,	 0.956]
Generation  18	[Intvl;	Thrsh;	Mon;	Updt]
  0: 1.107426	[23,	10,	0.339,	 0.704]
  1: 1.370367	[23,	10,	0.339,	 0.704]
  2: 1.375374	[23,	10,	0.339,	 0.704]
  3: 1.390877	[23,	10,	0.339,	 0.704]
  4: 1.513345	[23,	10,	0.339,	 0.704]
  5: 1.635942	[23,	10,	0.339,	 0.704]
  6: 1.652149	[23,	10,	0.339,	 0.704]
  7: 1.700296	[23,	10,	0.339,	 0.704]
  8: 1.778356	[23,	10,	0.339,	 0.704]
  9: 1.793193	[23,	10,	0.339,	 0.704]
 10: 1.811797	[23,	10,	0.339,	 0.704]
 11: 1.871139	[23,	10,	0.339,	 0.704]
 12: 1.892335	[23,	10,	0.339,	 0.704]
 13: 1.912473	[23,	10,	0.339,	 0.704]
 14: 1.913042	[23,	10,	0.339,	 0.704]
 15: 1.920368	[23,	10,	0.339,	 0.704]
 16: 2.012102	[23,	10,	0.339,	 0.704]
 17: 2.035127	[23,	10,	0.339,	 0.704]
 18: 2.035332	[23,	10,	0.339,	 0.704]
 19: 2.038675	[23,	10,	0.339,	 0.704]
 20: 2.133300	[23,	10,	0.339,	 0.704]
 21: 2.134955	[23,	10,	0.339,	 0.704]
 22: 2.139277	[23,	10,	0.339,	 0.704]
 23: 2.151869	[23,	10,	0.339,	 0.704]
 24: 2.160974	[23,	10,	0.339,	 0.704]
 25: 2.168666	[23,	10,	0.339,	 0.704]
 26: 2.189001	[23,	10,	0.339,	 0.704]
 27: 2.227170	[23,	10,	0.339,	 0.704]
 28: 2.286157	[23,	10,	0.339,	 0.704]
 29: 2.306964	[23,	10,	0.339,	 0.704]
 30: 2.328249	[23,	10,	0.339,	 0.704]
 31: 2.363937	[23,	10,	0.339,	 0.704]
 32: 2.392628	[23,	10,	0.339,	 0.704]
 33: 2.439033	[23,	10,	0.339,	 0.704]
 34: 2.444857	[23,	10,	0.339,	 0.704]
 35: 2.556607	[23,	10,	0.339,	 0.704]
 36: 2.612983	[23,	10,	0.339,	 0.704]
 37: 2.625394	[23,	10,	0.339,	 0.704]
 38: 2.719449	[23,	10,	0.339,	 0.704]
 39: 2.776487	[23,	10,	0.339,	 0.704]
 40: 2.804157	[23,	10,	0.339,	 0.704]
 41: 2.812145	[23,	10,	0.339,	 0.704]
 42: 2.935205	[23,	10,	0.339,	 0.704]
 43: 3.079602	[23,	10,	0.339,	 0.704]
 44: 3.126175	[23,	10,	0.339,	 0.704]
 45: 3.139732	[23,	10,	0.339,	 0.704]
 46: 3.143310	[23,	10,	0.339,	 0.704]
 47: 3.144550	[23,	10,	0.339,	 0.704]
 48: 3.146487	[23,	10,	0.339,	 0.704]
 49: 3.178007	[23,	10,	0.339,	 0.704]
 50: 3.300612	[23,	10,	0.339,	 0.704]
 51: 3.330493	[23,	10,	0.339,	 0.704]
 52: 3.343240	[23,	10,	0.339,	 0.704]
 53: 3.389371	[23,	10,	0.339,	 0.704]
 54: 3.392302	[23,	10,	0.339,	 0.704]
 55: 3.683005	[23,	10,	0.339,	 0.704]
 56: 3.851459	[23,	10,	0.339,	 0.704]
 57: 3.889791	[23,	10,	0.339,	 0.704]
 58: 4.208492	[23,	10,	0.339,	 0.704]
 59: 5.056292	[23,	10,	0.339,	 0.704]
 60: 537.016895	[ 7,	0,	0.209,	 0.836]
 61: 892.806825	[ 6,	0,	0.794,	 0.652]
 62: 1033.925650	[ 4,	0,	0.257,	 0.534]
 63: 1167.516570	[ 8,	0,	0.903,	 0.743]
 64: 1390.126533	[ 9,	0,	0.374,	 0.992]
 65: 1834.970710	[ 5,	0,	0.968,	 0.346]
 66: 1927.459789	[ 8,	0,	0.992,	 0.477]
 67: 3435.059333	[ 5,	0,	0.641,	 0.162]
 68: 3630.168984	[10,	0,	0.415,	 0.702]
 69: 4481.550515	[ 6,	0,	0.438,	 0.122]
 70: 5183.848421	[10,	0,	0.116,	 0.256]
 71: 6029.512075	[12,	0,	0.816,	 0.803]
 72: 6371.778194	[12,	0,	0.881,	 0.235]
 73: 6414.184077	[12,	0,	0.156,	 0.452]
 74: 6512.527778	[12,	0,	0.541,	 0.225]
 75: 6548.694012	[13,	1,	0.545,	 0.439]
 76: 6623.361901	[14,	1,	0.100,	 0.783]
 77: 6682.101502	[12,	0,	0.839,	 0.131]
 78: 6839.668641	[15,	0,	0.743,	 0.938]
 79: 6851.888933	[14,	1,	0.282,	 0.560]
 80: 6860.183370	[15,	0,	0.390,	 0.852]
 81: 6897.920344	[16,	1,	0.314,	 0.459]
 82: 6904.002000	[18,	1,	0.488,	 0.876]
 83: 6912.198595	[15,	0,	0.554,	 0.772]
 84: 6917.344628	[13,	0,	0.840,	 0.245]
 85: 6973.004878	[21,	0,	0.144,	 0.754]
 86: 6991.447458	[23,	0,	0.868,	 0.738]
 87: 7003.718285	[18,	0,	0.770,	 0.249]
 88: 7008.708271	[24,	1,	0.258,	 0.562]
 89: 7023.440221	[23,	1,	0.400,	 0.642]
 90: 7029.821441	[22,	1,	0.363,	 0.774]
 91: 7040.189193	[21,	0,	0.878,	 0.610]
 92: 7046.587109	[23,	1,	0.589,	 0.608]
 93: 7049.766406	[19,	1,	0.443,	 0.866]
 94: 7052.096486	[16,	0,	0.611,	 0.149]
 95: 7053.542291	[25,	0,	0.183,	 0.875]
 96: 7056.029050	[20,	1,	0.407,	 0.894]
 97: 7058.437974	[22,	0,	0.526,	 0.736]
 98: 7066.674255	[20,	1,	0.233,	 0.541]
 99: 7074.394411	[18,	1,	0.462,	 0.370]
100: 7078.473919	[23,	1,	0.100,	 0.774]
101: 7079.571447	[21,	1,	0.237,	 0.711]
102: 7080.808893	[20,	1,	0.304,	 0.807]
103: 7083.217236	[27,	0,	0.186,	 0.214]
104: 7091.601053	[24,	1,	0.552,	 0.595]
105: 7093.259730	[24,	1,	0.673,	 0.322]
106: 7094.176712	[22,	1,	0.604,	 1.000]
107: 7094.872558	[22,	1,	0.201,	 0.512]
108: 7099.647422	[23,	0,	0.936,	 0.967]
109: 7102.628252	[22,	1,	0.100,	 0.762]
110: 7103.649616	[22,	1,	0.399,	 1.000]
111: 7128.362907	[24,	1,	0.100,	 0.743]
112: 7136.685671	[22,	1,	0.384,	 0.739]
113: 7137.170178	[21,	1,	0.299,	 0.798]
114: 7139.271529	[20,	1,	0.557,	 0.603]
115: 7151.300662	[19,	1,	0.438,	 0.913]
116: 7152.698833	[23,	1,	0.342,	 0.840]
117: 7155.986238	[22,	0,	0.313,	 0.907]
118: 7190.308373	[24,	1,	0.311,	 0.682]
119: 7190.611321	[24,	1,	0.425,	 0.463]
Generation  19	[Intvl;	Thrsh;	Mon;	Updt]
  0: 0.754951	[23,	10,	0.339,	 0.704]
  1: 0.965168	[23,	10,	0.339,	 0.704]
  2: 0.996351	[23,	10,	0.339,	 0.704]
  3: 1.015349	[23,	10,	0.339,	 0.704]
  4: 1.108085	[23,	10,	0.339,	 0.704]
  5: 1.330482	[23,	10,	0.339,	 0.704]
  6: 1.337644	[23,	10,	0.339,	 0.704]
  7: 1.355319	[23,	10,	0.339,	 0.704]
  8: 1.472016	[23,	10,	0.339,	 0.704]
  9: 1.667446	[23,	10,	0.339,	 0.704]
 10: 1.832525	[23,	10,	0.339,	 0.704]
 11: 1.869221	[23,	10,	0.339,	 0.704]
 12: 1.890057	[23,	10,	0.339,	 0.704]
 13: 1.952374	[23,	10,	0.339,	 0.704]
 14: 1.954301	[23,	10,	0.339,	 0.704]
 15: 1.979360	[23,	10,	0.339,	 0.704]
 16: 1.979734	[23,	10,	0.339,	 0.704]
 17: 2.026062	[23,	10,	0.339,	 0.704]
 18: 2.104574	[23,	10,	0.339,	 0.704]
 19: 2.108866	[23,	10,	0.339,	 0.704]
 20: 2.132849	[23,	10,	0.339,	 0.704]
 21: 2.180824	[23,	10,	0.339,	 0.704]
 22: 2.196866	[23,	10,	0.339,	 0.704]
 23: 2.275499	[23,	10,	0.339,	 0.704]
 24: 2.399030	[23,	10,	0.339,	 0.704]
 25: 2.432069	[23,	10,	0.339,	 0.704]
 26: 2.496313	[23,	10,	0.339,	 0.704]
 27: 2.540023	[23,	10,	0.339,	 0.704]
 28: 2.554664	[23,	10,	0.339,	 0.704]
 29: 2.555758	[23,	10,	0.339,	 0.704]
 30: 2.565955	[23,	10,	0.339,	 0.704]
 31: 2.579235	[23,	10,	0.339,	 0.704]
 32: 2.581576	[23,	10,	0.339,	 0.704]
 33: 2.613312	[23,	10,	0.339,	 0.704]
 34: 2.658589	[23,	10,	0.339,	 0.704]
 35: 2.671222	[23,	10,	0.339,	 0.704]
 36: 2.677168	[23,	10,	0.339,	 0.704]
 37: 2.677353	[23,	10,	0.339,	 0.704]
 38: 2.693822	[23,	10,	0.339,	 0.704]
 39: 2.741647	[23,	10,	0.339,	 0.704]
 40: 2.768538	[23,	10,	0.339,	 0.704]
 41: 2.835939	[23,	10,	0.339,	 0.704]
 42: 2.927289	[23,	10,	0.339,	 0.704]
 43: 2.933653	[23,	10,	0.339,	 0.704]
 44: 2.936711	[23,	10,	0.339,	 0.704]
 45: 2.996622	[23,	10,	0.339,	 0.704]
 46: 3.011154	[23,	10,	0.339,	 0.704]
 47: 3.057083	[23,	10,	0.339,	 0.704]
 48: 3.060577	[23,	10,	0.339,	 0.704]
 49: 3.146581	[23,	10,	0.339,	 0.704]
 50: 3.147754	[23,	10,	0.339,	 0.704]
 51: 3.300001	[23,	10,	0.339,	 0.704]
 52: 3.313936	[23,	10,	0.339,	 0.704]
 53: 3.429668	[23,	10,	0.339,	 0.704]
 54: 3.444046	[23,	10,	0.339,	 0.704]
 55: 3.467917	[23,	10,	0.339,	 0.704]
 56: 3.741112	[23,	10,	0.339,	 0.704]
 57: 3.874640	[23,	10,	0.339,	 0.704]
 58: 4.097329	[23,	10,	0.339,	 0.704]
 59: 4.271340	[23,	10,	0.339,	 0.704]
 60: 525.925883	[ 6,	0,	0.301,	 0.998]
 61: 711.467779	[ 4,	0,	0.834,	 0.673]
 62: 1300.175720	[ 8,	0,	0.113,	 0.692]
 63: 1390.382351	[ 4,	0,	0.863,	 0.438]
 64: 1451.482421	[ 8,	0,	0.431,	 0.581]
 65: 1716.290397	[ 7,	0,	0.856,	 0.509]
 66: 1754.034968	[ 4,	0,	0.488,	 0.398]
 67: 2885.577485	[10,	0,	0.428,	 0.812]
 68: 4310.499930	[ 8,	0,	0.736,	 0.144]
 69: 5826.664100	[10,	0,	0.627,	 0.116]
 70: 6161.054075	[12,	0,	0.903,	 0.875]
 71: 6265.147341	[11,	0,	0.427,	 0.224]
 72: 6378.069088	[11,	0,	0.918,	 0.244]
 73: 6721.389019	[12,	0,	0.147,	 0.243]
 74: 6725.090956	[14,	0,	0.876,	 0.744]
 75: 6796.534811	[13,	0,	0.607,	 0.503]
 76: 6870.377952	[14,	0,	0.325,	 0.934]
 77: 6954.163600	[19,	1,	0.323,	 0.361]
 78: 6965.122288	[18,	1,	0.481,	 0.773]
 79: 6966.833531	[16,	0,	0.135,	 0.141]
 80: 6977.120397	[16,	0,	0.396,	 0.762]
 81: 6981.734086	[17,	1,	0.194,	 0.945]
 82: 7000.816286	[19,	1,	0.432,	 0.493]
 83: 7005.051710	[23,	1,	0.248,	 0.960]
 84: 7008.743351	[19,	0,	0.990,	 0.386]
 85: 7011.380439	[18,	1,	0.260,	 0.576]
 86: 7019.519672	[23,	1,	0.550,	 0.714]
 87: 7034.586044	[21,	0,	0.668,	 0.633]
 88: 7039.579140	[24,	1,	0.655,	 0.862]
 89: 7051.411090	[21,	1,	0.100,	 0.404]
 90: 7052.670735	[21,	1,	0.261,	 0.640]
 91: 7052.729984	[18,	0,	0.526,	 0.887]
 92: 7057.229969	[20,	0,	0.841,	 0.483]
 93: 7063.323076	[26,	0,	0.139,	 0.652]
 94: 7072.198615	[24,	1,	0.354,	 0.858]
 95: 7083.361568	[22,	1,	0.345,	 0.615]
 96: 7083.910481	[20,	1,	0.250,	 0.692]
 97: 7085.116657	[24,	1,	0.397,	 0.469]
 98: 7085.900712	[25,	0,	0.777,	 0.301]
 99: 7088.145845	[22,	1,	0.765,	 0.617]
100: 7090.244621	[24,	1,	0.337,	 0.511]
101: 7098.059299	[17,	1,	0.256,	 0.547]
102: 7108.361405	[24,	1,	0.320,	 0.613]
103: 7114.860932	[24,	1,	0.113,	 0.593]
104: 7119.829664	[21,	1,	0.772,	 0.924]
105: 7120.422377	[23,	0,	0.367,	 0.675]
106: 7123.075174	[24,	1,	0.651,	 0.637]
107: 7128.827300	[23,	1,	0.161,	 1.000]
108: 7132.983709	[24,	1,	0.281,	 0.601]
109: 7133.131526	[24,	1,	0.200,	 0.590]
110: 7135.704800	[24,	1,	0.346,	 0.746]
111: 7143.484805	[24,	1,	0.612,	 0.836]
112: 7147.725194	[24,	0,	0.156,	 0.554]
113: 7149.432649	[24,	1,	0.474,	 0.595]
114: 7160.512622	[24,	1,	0.309,	 0.927]
115: 7170.174125	[26,	0,	0.190,	 0.930]
116: 7178.704445	[19,	0,	0.498,	 0.116]
117: 7181.111001	[24,	1,	0.284,	 0.547]
118: 7187.643477	[21,	0,	0.417,	 0.515]
119: 7197.348162	[22,	1,	0.293,	 0.737]
Generation  20	[Intvl;	Thrsh;	Mon;	Updt]
  0: 0.882799	[23,	10,	0.339,	 0.704]
  1: 0.982338	[23,	10,	0.339,	 0.704]
  2: 1.100425	[23,	10,	0.339,	 0.704]
  3: 1.437512	[23,	10,	0.339,	 0.704]
  4: 1.442824	[23,	10,	0.339,	 0.704]
  5: 1.470040	[23,	10,	0.339,	 0.704]
  6: 1.508101	[23,	10,	0.339,	 0.704]
  7: 1.537203	[23,	10,	0.339,	 0.704]
  8: 1.573299	[23,	10,	0.339,	 0.704]
  9: 1.650032	[23,	10,	0.339,	 0.704]
 10: 1.651894	[23,	10,	0.339,	 0.704]
 11: 1.743419	[23,	10,	0.339,	 0.704]
 12: 1.779274	[23,	10,	0.339,	 0.704]
 13: 1.780516	[23,	10,	0.339,	 0.704]
 14: 1.809841	[23,	10,	0.339,	 0.704]
 15: 1.837379	[23,	10,	0.339,	 0.704]
 16: 1.885566	[23,	10,	0.339,	 0.704]
 17: 1.919246	[23,	10,	0.339,	 0.704]
 18: 1.926379	[23,	10,	0.339,	 0.704]
 19: 2.002727	[23,	10,	0.339,	 0.704]
 20: 2.018462	[23,	10,	0.339,	 0.704]
 21: 2.070569	[23,	10,	0.339,	 0.704]
 22: 2.100563	[23,	10,	0.339,	 0.704]
 23: 2.233565	[23,	10,	0.339,	 0.704]
 24: 2.257118	[23,	10,	0.339,	 0.704]
 25: 2.311150	[23,	10,	0.339,	 0.704]
 26: 2.513909	[23,	10,	0.339,	 0.704]
 27: 2.529867	[23,	10,	0.339,	 0.704]
 28: 2.535569	[23,	10,	0.339,	 0.704]
 29: 2.543433	[23,	10,	0.339,	 0.704]
 30: 2.546411	[23,	10,	0.339,	 0.704]
 31: 2.566007	[23,	10,	0.339,	 0.704]
 32: 2.581839	[23,	10,	0.339,	 0.704]
 33: 2.598792	[23,	10,	0.339,	 0.704]
 34: 2.615911	[23,	10,	0.339,	 0.704]
 35: 2.694527	[23,	10,	0.339,	 0.704]
 36: 2.707294	[23,	10,	0.339,	 0.704]
 37: 2.728131	[23,	10,	0.339,	 0.704]
 38: 2.752563	[23,	10,	0.339,	 0.704]
 39: 2.824130	[23,	10,	0.339,	 0.704]
 40: 2.876753	[23,	10,	0.339,	 0.704]
 41: 2.884583	[23,	10,	0.339,	 0.704]
 42: 2.915217	[23,	10,	0.339,	 0.704]
 43: 2.937594	[23,	10,	0.339,	 0.704]
 44: 2.965475	[23,	10,	0.339,	 0.704]
 45: 3.065495	[23,	10,	0.339,	 0.704]
 46: 3.150769	[23,	10,	0.339,	 0.704]
 47: 3.156273	[23,	10,	0.339,	 0.704]
 48: 3.179884	[23,	10,	0.339,	 0.704]
 49: 3.196732	[23,	10,	0.339,	 0.704]
 50: 3.248960	[23,	10,	0.339,	 0.704]
 51: 3.316464	[23,	10,	0.339,	 0.704]
 52: 3.323450	[23,	10,	0.339,	 0.704]
 53: 3.464109	[23,	10,	0.339,	 0.704]
 54: 3.611198	[23,	10,	0.339,	 0.704]
 55: 4.030334	[23,	10,	0.339,	 0.704]
 56: 4.133670	[23,	10,	0.339,	 0.704]
 57: 4.238517	[23,	10,	0.339,	 0.704]
 58: 4.282093	[23,	10,	0.339,	 0.704]
 59: 4.912958	[23,	10,	0.339,	 0.704]
 60: 981.428625	[ 5,	0,	0.387,	 0.572]
 61: 1189.470313	[ 4,	0,	0.598,	 0.524]
 62: 1272.152657	[ 8,	0,	0.128,	 0.715]
 63: 1368.050630	[ 9,	0,	0.838,	 0.932]
 64: 2251.155414	[ 7,	0,	0.491,	 0.506]
 65: 2972.082510	[ 4,	0,	0.583,	 0.179]
 66: 3165.957522	[ 5,	0,	0.197,	 0.208]
 67: 4203.843533	[10,	0,	0.606,	 0.454]
 68: 5296.108982	[11,	0,	0.163,	 0.873]
 69: 5984.171602	[12,	1,	0.651,	 0.828]
 70: 6248.885798	[11,	0,	0.588,	 0.234]
 71: 6644.795148	[12,	0,	0.940,	 0.107]
 72: 6670.076434	[14,	1,	0.205,	 0.599]
 73: 6777.796432	[15,	1,	0.426,	 0.661]
 74: 6886.333579	[16,	0,	0.472,	 0.623]
 75: 6887.120874	[15,	0,	0.861,	 0.347]
 76: 6922.028692	[19,	1,	0.187,	 0.586]
 77: 6922.486182	[16,	0,	0.579,	 0.473]
 78: 6928.445425	[14,	0,	0.416,	 0.511]
 79: 6946.965991	[16,	0,	0.675,	 0.949]
 80: 6981.127175	[21,	0,	0.210,	 0.585]
 81: 6995.396810	[15,	0,	0.497,	 0.309]
 82: 7002.402363	[22,	1,	0.280,	 0.961]
 83: 7009.737268	[16,	0,	0.294,	 0.103]
 84: 7024.197317	[21,	1,	0.100,	 0.898]
 85: 7024.650993	[21,	0,	0.166,	 0.609]
 86: 7025.483856	[19,	1,	0.328,	 0.353]
 87: 7028.458321	[21,	0,	0.518,	 0.815]
 88: 7029.463614	[19,	0,	0.182,	 0.828]
 89: 7031.208104	[17,	0,	0.235,	 0.146]
 90: 7032.131820	[24,	1,	0.214,	 0.632]
 91: 7032.233821	[17,	1,	0.153,	 0.867]
 92: 7046.775497	[24,	1,	0.184,	 0.750]
 93: 7050.379190	[21,	1,	0.293,	 0.921]
 94: 7051.749456	[23,	1,	0.226,	 0.614]
 95: 7055.747539	[24,	1,	0.562,	 0.858]
 96: 7062.470525	[24,	1,	0.212,	 0.705]
 97: 7066.309519	[25,	0,	0.388,	 0.543]
 98: 7069.279651	[24,	1,	0.306,	 1.000]
 99: 7071.621600	[26,	0,	0.455,	 0.596]
100: 7071.844584	[26,	0,	0.849,	 0.554]
101: 7081.583852	[18,	1,	0.182,	 0.939]
102: 7084.539511	[18,	0,	0.301,	 0.262]
103: 7087.165340	[26,	0,	0.808,	 0.504]
104: 7087.765250	[20,	1,	0.242,	 0.928]
105: 7097.641644	[18,	0,	0.287,	 0.336]
106: 7101.510412	[18,	1,	0.844,	 0.866]
107: 7101.545171	[22,	1,	0.100,	 0.541]
108: 7101.818313	[21,	1,	0.178,	 0.833]
109: 7106.745175	[22,	1,	0.507,	 0.617]
110: 7108.456390	[23,	1,	0.293,	 0.458]
111: 7116.557805	[24,	1,	0.225,	 0.900]
112: 7126.970272	[24,	1,	0.519,	 0.915]
113: 7132.296684	[23,	1,	0.263,	 1.000]
114: 7144.277911	[20,	1,	0.168,	 0.757]
115: 7146.812556	[24,	1,	0.565,	 0.272]
116: 7150.395735	[24,	1,	0.100,	 1.000]
117: 7159.267729	[18,	0,	0.928,	 0.965]
118: 7164.377841	[24,	1,	0.706,	 0.640]
119: 7169.390156	[24,	1,	0.728,	 0.754]
